mode: atomic
github.com/piotrlaczkowski/GoLangGraph/pkg/agent/agent.go:45.40,57.2 1 1
github.com/piotrlaczkowski/GoLangGraph/pkg/agent/agent.go:89.110,90.19 1 14
github.com/piotrlaczkowski/GoLangGraph/pkg/agent/agent.go:90.19,92.3 1 0
github.com/piotrlaczkowski/GoLangGraph/pkg/agent/agent.go:94.2,106.14 3 14
github.com/piotrlaczkowski/GoLangGraph/pkg/agent/agent.go:110.30,113.23 2 15
github.com/piotrlaczkowski/GoLangGraph/pkg/agent/agent.go:114.22,115.22 1 3
github.com/piotrlaczkowski/GoLangGraph/pkg/agent/agent.go:116.21,117.21 1 11
github.com/piotrlaczkowski/GoLangGraph/pkg/agent/agent.go:118.21,119.21 1 1
github.com/piotrlaczkowski/GoLangGraph/pkg/agent/agent.go:120.10,121.21 1 0
github.com/piotrlaczkowski/GoLangGraph/pkg/agent/agent.go:126.35,149.2 15 3
github.com/piotrlaczkowski/GoLangGraph/pkg/agent/agent.go:152.34,162.2 4 11
github.com/piotrlaczkowski/GoLangGraph/pkg/agent/agent.go:165.34,184.2 11 1
github.com/piotrlaczkowski/GoLangGraph/pkg/agent/agent.go:187.85,189.17 2 4
github.com/piotrlaczkowski/GoLangGraph/pkg/agent/agent.go:189.17,192.3 2 0
github.com/piotrlaczkowski/GoLangGraph/pkg/agent/agent.go:193.2,197.15 4 4
github.com/piotrlaczkowski/GoLangGraph/pkg/agent/agent.go:197.15,201.3 3 4
github.com/piotrlaczkowski/GoLangGraph/pkg/agent/agent.go:203.2,226.16 10 4
github.com/piotrlaczkowski/GoLangGraph/pkg/agent/agent.go:226.16,229.3 2 0
github.com/piotrlaczkowski/GoLangGraph/pkg/agent/agent.go:229.8,231.57 2 4
github.com/piotrlaczkowski/GoLangGraph/pkg/agent/agent.go:231.57,233.4 1 4
github.com/piotrlaczkowski/GoLangGraph/pkg/agent/agent.go:234.3,234.64 1 4
github.com/piotrlaczkowski/GoLangGraph/pkg/agent/agent.go:234.64,235.48 1 0
github.com/piotrlaczkowski/GoLangGraph/pkg/agent/agent.go:235.48,237.5 1 0
github.com/piotrlaczkowski/GoLangGraph/pkg/agent/agent.go:241.2,248.24 5 4
github.com/piotrlaczkowski/GoLangGraph/pkg/agent/agent.go:252.97,263.16 4 0
github.com/piotrlaczkowski/GoLangGraph/pkg/agent/agent.go:263.16,265.3 1 0
github.com/piotrlaczkowski/GoLangGraph/pkg/agent/agent.go:267.2,267.28 1 0
github.com/piotrlaczkowski/GoLangGraph/pkg/agent/agent.go:267.28,269.3 1 0
github.com/piotrlaczkowski/GoLangGraph/pkg/agent/agent.go:271.2,278.19 5 0
github.com/piotrlaczkowski/GoLangGraph/pkg/agent/agent.go:282.94,288.25 3 0
github.com/piotrlaczkowski/GoLangGraph/pkg/agent/agent.go:288.25,292.3 2 0
github.com/piotrlaczkowski/GoLangGraph/pkg/agent/agent.go:295.2,298.37 3 0
github.com/piotrlaczkowski/GoLangGraph/pkg/agent/agent.go:298.37,300.14 2 0
github.com/piotrlaczkowski/GoLangGraph/pkg/agent/agent.go:300.14,302.12 2 0
github.com/piotrlaczkowski/GoLangGraph/pkg/agent/agent.go:305.3,306.17 2 0
github.com/piotrlaczkowski/GoLangGraph/pkg/agent/agent.go:306.17,308.4 1 0
github.com/piotrlaczkowski/GoLangGraph/pkg/agent/agent.go:308.9,310.4 1 0
github.com/piotrlaczkowski/GoLangGraph/pkg/agent/agent.go:312.3,312.50 1 0
github.com/piotrlaczkowski/GoLangGraph/pkg/agent/agent.go:315.2,319.19 4 0
github.com/piotrlaczkowski/GoLangGraph/pkg/agent/agent.go:323.98,338.37 6 0
github.com/piotrlaczkowski/GoLangGraph/pkg/agent/agent.go:338.37,340.3 1 0
github.com/piotrlaczkowski/GoLangGraph/pkg/agent/agent.go:342.2,343.19 2 0
github.com/piotrlaczkowski/GoLangGraph/pkg/agent/agent.go:347.99,359.16 4 0
github.com/piotrlaczkowski/GoLangGraph/pkg/agent/agent.go:359.16,361.3 1 0
github.com/piotrlaczkowski/GoLangGraph/pkg/agent/agent.go:363.2,363.28 1 0
github.com/piotrlaczkowski/GoLangGraph/pkg/agent/agent.go:363.28,365.3 1 0
github.com/piotrlaczkowski/GoLangGraph/pkg/agent/agent.go:367.2,374.19 5 0
github.com/piotrlaczkowski/GoLangGraph/pkg/agent/agent.go:378.95,382.33 2 4
github.com/piotrlaczkowski/GoLangGraph/pkg/agent/agent.go:382.33,388.3 2 0
github.com/piotrlaczkowski/GoLangGraph/pkg/agent/agent.go:391.2,392.42 2 4
github.com/piotrlaczkowski/GoLangGraph/pkg/agent/agent.go:392.42,393.63 1 0
github.com/piotrlaczkowski/GoLangGraph/pkg/agent/agent.go:393.63,395.4 1 0
github.com/piotrlaczkowski/GoLangGraph/pkg/agent/agent.go:398.2,407.16 3 4
github.com/piotrlaczkowski/GoLangGraph/pkg/agent/agent.go:407.16,409.3 1 0
github.com/piotrlaczkowski/GoLangGraph/pkg/agent/agent.go:411.2,411.28 1 4
github.com/piotrlaczkowski/GoLangGraph/pkg/agent/agent.go:411.28,413.3 1 0
github.com/piotrlaczkowski/GoLangGraph/pkg/agent/agent.go:415.2,418.32 2 4
github.com/piotrlaczkowski/GoLangGraph/pkg/agent/agent.go:418.32,420.46 2 0
github.com/piotrlaczkowski/GoLangGraph/pkg/agent/agent.go:420.46,421.78 1 0
github.com/piotrlaczkowski/GoLangGraph/pkg/agent/agent.go:421.78,423.19 2 0
github.com/piotrlaczkowski/GoLangGraph/pkg/agent/agent.go:423.19,425.6 1 0
github.com/piotrlaczkowski/GoLangGraph/pkg/agent/agent.go:425.11,427.6 1 0
github.com/piotrlaczkowski/GoLangGraph/pkg/agent/agent.go:432.3,432.38 1 0
github.com/piotrlaczkowski/GoLangGraph/pkg/agent/agent.go:432.38,438.4 1 0
github.com/piotrlaczkowski/GoLangGraph/pkg/agent/agent.go:440.3,440.45 1 0
github.com/piotrlaczkowski/GoLangGraph/pkg/agent/agent.go:443.2,450.19 5 4
github.com/piotrlaczkowski/GoLangGraph/pkg/agent/agent.go:454.95,477.16 6 0
github.com/piotrlaczkowski/GoLangGraph/pkg/agent/agent.go:477.16,479.3 1 0
github.com/piotrlaczkowski/GoLangGraph/pkg/agent/agent.go:481.2,481.28 1 0
github.com/piotrlaczkowski/GoLangGraph/pkg/agent/agent.go:481.28,483.3 1 0
github.com/piotrlaczkowski/GoLangGraph/pkg/agent/agent.go:485.2,489.19 4 0
github.com/piotrlaczkowski/GoLangGraph/pkg/agent/agent.go:493.103,502.37 5 0
github.com/piotrlaczkowski/GoLangGraph/pkg/agent/agent.go:502.37,504.14 2 0
github.com/piotrlaczkowski/GoLangGraph/pkg/agent/agent.go:504.14,506.12 2 0
github.com/piotrlaczkowski/GoLangGraph/pkg/agent/agent.go:509.3,510.17 2 0
github.com/piotrlaczkowski/GoLangGraph/pkg/agent/agent.go:510.17,512.4 1 0
github.com/piotrlaczkowski/GoLangGraph/pkg/agent/agent.go:512.9,514.4 1 0
github.com/piotrlaczkowski/GoLangGraph/pkg/agent/agent.go:516.3,516.50 1 0
github.com/piotrlaczkowski/GoLangGraph/pkg/agent/agent.go:519.2,523.19 4 0
github.com/piotrlaczkowski/GoLangGraph/pkg/agent/agent.go:527.97,550.16 7 0
github.com/piotrlaczkowski/GoLangGraph/pkg/agent/agent.go:550.16,552.3 1 0
github.com/piotrlaczkowski/GoLangGraph/pkg/agent/agent.go:554.2,554.28 1 0
github.com/piotrlaczkowski/GoLangGraph/pkg/agent/agent.go:554.28,556.3 1 0
github.com/piotrlaczkowski/GoLangGraph/pkg/agent/agent.go:558.2,563.19 5 0
github.com/piotrlaczkowski/GoLangGraph/pkg/agent/agent.go:568.87,575.62 3 0
github.com/piotrlaczkowski/GoLangGraph/pkg/agent/agent.go:575.62,577.3 1 0
github.com/piotrlaczkowski/GoLangGraph/pkg/agent/agent.go:579.2,579.16 1 0
github.com/piotrlaczkowski/GoLangGraph/pkg/agent/agent.go:582.92,586.37 3 0
github.com/piotrlaczkowski/GoLangGraph/pkg/agent/agent.go:586.37,587.45 1 0
github.com/piotrlaczkowski/GoLangGraph/pkg/agent/agent.go:587.45,588.23 1 0
github.com/piotrlaczkowski/GoLangGraph/pkg/agent/agent.go:588.23,590.5 1 0
github.com/piotrlaczkowski/GoLangGraph/pkg/agent/agent.go:594.2,600.63 3 0
github.com/piotrlaczkowski/GoLangGraph/pkg/agent/agent.go:600.63,602.3 1 0
github.com/piotrlaczkowski/GoLangGraph/pkg/agent/agent.go:604.2,604.16 1 0
github.com/piotrlaczkowski/GoLangGraph/pkg/agent/agent.go:607.101,611.37 3 0
github.com/piotrlaczkowski/GoLangGraph/pkg/agent/agent.go:611.37,612.45 1 0
github.com/piotrlaczkowski/GoLangGraph/pkg/agent/agent.go:612.45,613.22 1 0
github.com/piotrlaczkowski/GoLangGraph/pkg/agent/agent.go:613.22,615.5 1 0
github.com/piotrlaczkowski/GoLangGraph/pkg/agent/agent.go:619.2,619.16 1 0
github.com/piotrlaczkowski/GoLangGraph/pkg/agent/agent.go:622.90,629.58 3 0
github.com/piotrlaczkowski/GoLangGraph/pkg/agent/agent.go:629.58,631.3 1 0
github.com/piotrlaczkowski/GoLangGraph/pkg/agent/agent.go:633.2,633.16 1 0
github.com/piotrlaczkowski/GoLangGraph/pkg/agent/agent.go:638.77,641.33 2 0
github.com/piotrlaczkowski/GoLangGraph/pkg/agent/agent.go:641.33,646.3 1 0
github.com/piotrlaczkowski/GoLangGraph/pkg/agent/agent.go:646.8,660.3 1 0
github.com/piotrlaczkowski/GoLangGraph/pkg/agent/agent.go:663.2,665.17 2 0
github.com/piotrlaczkowski/GoLangGraph/pkg/agent/agent.go:668.80,680.2 3 0
github.com/piotrlaczkowski/GoLangGraph/pkg/agent/agent.go:682.60,687.29 3 0
github.com/piotrlaczkowski/GoLangGraph/pkg/agent/agent.go:687.29,692.54 2 0
github.com/piotrlaczkowski/GoLangGraph/pkg/agent/agent.go:692.54,695.23 2 0
github.com/piotrlaczkowski/GoLangGraph/pkg/agent/agent.go:695.23,709.5 3 0
github.com/piotrlaczkowski/GoLangGraph/pkg/agent/agent.go:713.2,713.18 1 0
github.com/piotrlaczkowski/GoLangGraph/pkg/agent/agent.go:719.42,726.2 4 7
github.com/piotrlaczkowski/GoLangGraph/pkg/agent/agent.go:729.51,735.2 4 1
github.com/piotrlaczkowski/GoLangGraph/pkg/agent/agent.go:738.49,740.2 1 3
github.com/piotrlaczkowski/GoLangGraph/pkg/agent/agent.go:743.37,745.2 1 1
github.com/piotrlaczkowski/GoLangGraph/pkg/agent/agent.go:748.56,755.2 5 2
github.com/piotrlaczkowski/GoLangGraph/pkg/agent/agent.go:758.34,762.2 3 1
github.com/piotrlaczkowski/GoLangGraph/pkg/agent/agent.go:765.40,767.2 1 1
github.com/piotrlaczkowski/GoLangGraph/pkg/agent/agent.go:777.56,782.2 1 1
github.com/piotrlaczkowski/GoLangGraph/pkg/agent/agent.go:785.69,790.2 3 2
github.com/piotrlaczkowski/GoLangGraph/pkg/agent/agent.go:793.58,798.2 3 1
github.com/piotrlaczkowski/GoLangGraph/pkg/agent/agent.go:801.70,807.2 4 2
github.com/piotrlaczkowski/GoLangGraph/pkg/agent/agent.go:810.57,815.29 4 1
github.com/piotrlaczkowski/GoLangGraph/pkg/agent/agent.go:815.29,817.3 1 2
github.com/piotrlaczkowski/GoLangGraph/pkg/agent/agent.go:818.2,818.12 1 1
github.com/piotrlaczkowski/GoLangGraph/pkg/agent/agent.go:822.140,826.35 3 0
github.com/piotrlaczkowski/GoLangGraph/pkg/agent/agent.go:826.35,828.14 2 0
github.com/piotrlaczkowski/GoLangGraph/pkg/agent/agent.go:828.14,830.4 1 0
github.com/piotrlaczkowski/GoLangGraph/pkg/agent/agent.go:832.3,833.17 2 0
github.com/piotrlaczkowski/GoLangGraph/pkg/agent/agent.go:833.17,835.4 1 0
github.com/piotrlaczkowski/GoLangGraph/pkg/agent/agent.go:837.3,838.34 2 0
github.com/piotrlaczkowski/GoLangGraph/pkg/agent/agent.go:841.2,841.24 1 0
github.com/piotrlaczkowski/GoLangGraph/pkg/agent/agent.go:845.140,851.35 5 0
github.com/piotrlaczkowski/GoLangGraph/pkg/agent/agent.go:851.35,853.22 2 0
github.com/piotrlaczkowski/GoLangGraph/pkg/agent/agent.go:853.22,857.15 3 0
github.com/piotrlaczkowski/GoLangGraph/pkg/agent/agent.go:857.15,860.5 2 0
github.com/piotrlaczkowski/GoLangGraph/pkg/agent/agent.go:862.4,863.18 2 0
github.com/piotrlaczkowski/GoLangGraph/pkg/agent/agent.go:863.18,866.5 2 0
github.com/piotrlaczkowski/GoLangGraph/pkg/agent/agent.go:868.4,870.15 3 0
github.com/piotrlaczkowski/GoLangGraph/pkg/agent/agent.go:874.2,878.27 3 0
github.com/piotrlaczkowski/GoLangGraph/pkg/agent/agent.go:878.27,880.3 1 0
github.com/piotrlaczkowski/GoLangGraph/pkg/agent/agent.go:882.2,882.21 1 0
github.com/piotrlaczkowski/GoLangGraph/pkg/core/conditional.go:27.63,32.2 1 0
github.com/piotrlaczkowski/GoLangGraph/pkg/core/conditional.go:35.80,37.2 1 0
github.com/piotrlaczkowski/GoLangGraph/pkg/core/conditional.go:40.91,41.35 1 0
github.com/piotrlaczkowski/GoLangGraph/pkg/core/conditional.go:41.35,43.17 2 0
github.com/piotrlaczkowski/GoLangGraph/pkg/core/conditional.go:43.17,44.12 1 0
github.com/piotrlaczkowski/GoLangGraph/pkg/core/conditional.go:46.3,46.19 1 0
github.com/piotrlaczkowski/GoLangGraph/pkg/core/conditional.go:46.19,48.4 1 0
github.com/piotrlaczkowski/GoLangGraph/pkg/core/conditional.go:52.2,52.25 1 0
github.com/piotrlaczkowski/GoLangGraph/pkg/core/conditional.go:56.107,61.41 3 0
github.com/piotrlaczkowski/GoLangGraph/pkg/core/conditional.go:61.41,63.3 1 0
github.com/piotrlaczkowski/GoLangGraph/pkg/core/conditional.go:66.2,66.28 1 0
github.com/piotrlaczkowski/GoLangGraph/pkg/core/conditional.go:66.28,67.35 1 0
github.com/piotrlaczkowski/GoLangGraph/pkg/core/conditional.go:67.35,68.41 1 0
github.com/piotrlaczkowski/GoLangGraph/pkg/core/conditional.go:68.41,70.5 1 0
github.com/piotrlaczkowski/GoLangGraph/pkg/core/conditional.go:75.2,84.23 2 0
github.com/piotrlaczkowski/GoLangGraph/pkg/core/conditional.go:84.23,86.3 1 0
github.com/piotrlaczkowski/GoLangGraph/pkg/core/conditional.go:88.2,89.13 2 0
github.com/piotrlaczkowski/GoLangGraph/pkg/core/conditional.go:89.13,92.3 2 0
github.com/piotrlaczkowski/GoLangGraph/pkg/core/conditional.go:94.2,96.12 2 0
github.com/piotrlaczkowski/GoLangGraph/pkg/core/conditional.go:100.76,104.23 3 0
github.com/piotrlaczkowski/GoLangGraph/pkg/core/conditional.go:104.23,106.3 1 0
github.com/piotrlaczkowski/GoLangGraph/pkg/core/conditional.go:108.2,109.13 2 0
github.com/piotrlaczkowski/GoLangGraph/pkg/core/conditional.go:109.13,111.3 1 0
github.com/piotrlaczkowski/GoLangGraph/pkg/core/conditional.go:113.2,114.21 2 0
github.com/piotrlaczkowski/GoLangGraph/pkg/core/conditional.go:120.80,122.13 2 0
github.com/piotrlaczkowski/GoLangGraph/pkg/core/conditional.go:122.13,124.3 1 0
github.com/piotrlaczkowski/GoLangGraph/pkg/core/conditional.go:126.2,127.34 2 0
github.com/piotrlaczkowski/GoLangGraph/pkg/core/conditional.go:127.34,129.3 1 0
github.com/piotrlaczkowski/GoLangGraph/pkg/core/conditional.go:131.2,133.9 3 0
github.com/piotrlaczkowski/GoLangGraph/pkg/core/conditional.go:133.9,135.3 1 0
github.com/piotrlaczkowski/GoLangGraph/pkg/core/conditional.go:137.2,138.13 2 0
github.com/piotrlaczkowski/GoLangGraph/pkg/core/conditional.go:138.13,140.3 1 0
github.com/piotrlaczkowski/GoLangGraph/pkg/core/conditional.go:142.2,142.21 1 0
github.com/piotrlaczkowski/GoLangGraph/pkg/core/conditional.go:143.15,144.38 1 0
github.com/piotrlaczkowski/GoLangGraph/pkg/core/conditional.go:145.12,146.35 1 0
github.com/piotrlaczkowski/GoLangGraph/pkg/core/conditional.go:147.14,148.37 1 0
github.com/piotrlaczkowski/GoLangGraph/pkg/core/conditional.go:149.10,150.34 1 0
github.com/piotrlaczkowski/GoLangGraph/pkg/core/conditional.go:155.78,157.13 2 0
github.com/piotrlaczkowski/GoLangGraph/pkg/core/conditional.go:157.13,159.3 1 0
github.com/piotrlaczkowski/GoLangGraph/pkg/core/conditional.go:161.2,162.9 2 0
github.com/piotrlaczkowski/GoLangGraph/pkg/core/conditional.go:162.9,164.3 1 0
github.com/piotrlaczkowski/GoLangGraph/pkg/core/conditional.go:166.2,166.27 1 0
github.com/piotrlaczkowski/GoLangGraph/pkg/core/conditional.go:166.27,168.3 1 0
github.com/piotrlaczkowski/GoLangGraph/pkg/core/conditional.go:170.2,170.24 1 0
github.com/piotrlaczkowski/GoLangGraph/pkg/core/conditional.go:174.96,175.69 1 0
github.com/piotrlaczkowski/GoLangGraph/pkg/core/conditional.go:175.69,177.14 2 0
github.com/piotrlaczkowski/GoLangGraph/pkg/core/conditional.go:177.14,179.4 1 0
github.com/piotrlaczkowski/GoLangGraph/pkg/core/conditional.go:181.3,182.10 2 0
github.com/piotrlaczkowski/GoLangGraph/pkg/core/conditional.go:182.10,184.4 1 0
github.com/piotrlaczkowski/GoLangGraph/pkg/core/conditional.go:186.3,186.20 1 0
github.com/piotrlaczkowski/GoLangGraph/pkg/core/conditional.go:186.20,188.4 1 0
github.com/piotrlaczkowski/GoLangGraph/pkg/core/conditional.go:190.3,190.25 1 0
github.com/piotrlaczkowski/GoLangGraph/pkg/core/conditional.go:195.109,196.69 1 0
github.com/piotrlaczkowski/GoLangGraph/pkg/core/conditional.go:196.69,198.14 2 0
github.com/piotrlaczkowski/GoLangGraph/pkg/core/conditional.go:198.14,200.4 1 0
github.com/piotrlaczkowski/GoLangGraph/pkg/core/conditional.go:202.3,203.10 2 0
github.com/piotrlaczkowski/GoLangGraph/pkg/core/conditional.go:203.10,205.4 1 0
github.com/piotrlaczkowski/GoLangGraph/pkg/core/conditional.go:207.3,207.29 1 0
github.com/piotrlaczkowski/GoLangGraph/pkg/core/conditional.go:207.29,209.4 1 0
github.com/piotrlaczkowski/GoLangGraph/pkg/core/conditional.go:211.3,211.28 1 0
github.com/piotrlaczkowski/GoLangGraph/pkg/core/conditional.go:216.103,217.69 1 0
github.com/piotrlaczkowski/GoLangGraph/pkg/core/conditional.go:217.69,219.14 2 0
github.com/piotrlaczkowski/GoLangGraph/pkg/core/conditional.go:219.14,221.4 1 0
github.com/piotrlaczkowski/GoLangGraph/pkg/core/conditional.go:223.3,223.45 1 0
github.com/piotrlaczkowski/GoLangGraph/pkg/core/conditional.go:223.45,225.4 1 0
github.com/piotrlaczkowski/GoLangGraph/pkg/core/conditional.go:227.3,227.27 1 0
github.com/piotrlaczkowski/GoLangGraph/pkg/core/conditional.go:238.49,240.2 1 0
github.com/piotrlaczkowski/GoLangGraph/pkg/core/conditional.go:243.47,244.42 1 0
github.com/piotrlaczkowski/GoLangGraph/pkg/core/conditional.go:244.42,246.3 1 0
github.com/piotrlaczkowski/GoLangGraph/pkg/core/conditional.go:248.2,248.37 1 0
github.com/piotrlaczkowski/GoLangGraph/pkg/core/conditional.go:248.37,249.24 1 0
github.com/piotrlaczkowski/GoLangGraph/pkg/core/conditional.go:249.24,251.4 1 0
github.com/piotrlaczkowski/GoLangGraph/pkg/core/conditional.go:254.2,254.14 1 0
github.com/piotrlaczkowski/GoLangGraph/pkg/core/conditional.go:258.109,260.76 1 0
github.com/piotrlaczkowski/GoLangGraph/pkg/core/conditional.go:260.76,262.17 2 0
github.com/piotrlaczkowski/GoLangGraph/pkg/core/conditional.go:262.17,264.4 1 0
github.com/piotrlaczkowski/GoLangGraph/pkg/core/conditional.go:267.3,267.69 1 0
github.com/piotrlaczkowski/GoLangGraph/pkg/core/conditional.go:267.69,269.4 1 0
github.com/piotrlaczkowski/GoLangGraph/pkg/core/conditional.go:272.3,272.33 1 0
github.com/piotrlaczkowski/GoLangGraph/pkg/core/conditional.go:276.2,277.31 2 0
github.com/piotrlaczkowski/GoLangGraph/pkg/core/conditional.go:277.31,278.33 1 0
github.com/piotrlaczkowski/GoLangGraph/pkg/core/conditional.go:278.33,280.4 1 0
github.com/piotrlaczkowski/GoLangGraph/pkg/core/conditional.go:283.2,283.23 1 0
github.com/piotrlaczkowski/GoLangGraph/pkg/core/graph.go:58.40,68.2 1 12
github.com/piotrlaczkowski/GoLangGraph/pkg/core/graph.go:96.35,110.2 1 12
github.com/piotrlaczkowski/GoLangGraph/pkg/core/graph.go:113.61,126.2 5 18
github.com/piotrlaczkowski/GoLangGraph/pkg/core/graph.go:129.73,143.2 5 8
github.com/piotrlaczkowski/GoLangGraph/pkg/core/graph.go:146.51,150.43 3 7
github.com/piotrlaczkowski/GoLangGraph/pkg/core/graph.go:150.43,152.3 1 1
github.com/piotrlaczkowski/GoLangGraph/pkg/core/graph.go:154.2,155.12 2 6
github.com/piotrlaczkowski/GoLangGraph/pkg/core/graph.go:159.49,163.43 3 7
github.com/piotrlaczkowski/GoLangGraph/pkg/core/graph.go:163.43,165.3 1 1
github.com/piotrlaczkowski/GoLangGraph/pkg/core/graph.go:167.2,168.12 2 6
github.com/piotrlaczkowski/GoLangGraph/pkg/core/graph.go:172.34,177.23 3 6
github.com/piotrlaczkowski/GoLangGraph/pkg/core/graph.go:177.23,179.3 1 2
github.com/piotrlaczkowski/GoLangGraph/pkg/core/graph.go:182.2,182.48 1 4
github.com/piotrlaczkowski/GoLangGraph/pkg/core/graph.go:182.48,184.3 1 0
github.com/piotrlaczkowski/GoLangGraph/pkg/core/graph.go:187.2,187.37 1 4
github.com/piotrlaczkowski/GoLangGraph/pkg/core/graph.go:187.37,188.45 1 4
github.com/piotrlaczkowski/GoLangGraph/pkg/core/graph.go:188.45,190.4 1 0
github.com/piotrlaczkowski/GoLangGraph/pkg/core/graph.go:194.2,194.31 1 4
github.com/piotrlaczkowski/GoLangGraph/pkg/core/graph.go:194.31,195.47 1 4
github.com/piotrlaczkowski/GoLangGraph/pkg/core/graph.go:195.47,197.4 1 0
github.com/piotrlaczkowski/GoLangGraph/pkg/core/graph.go:198.3,198.45 1 4
github.com/piotrlaczkowski/GoLangGraph/pkg/core/graph.go:198.45,200.4 1 0
github.com/piotrlaczkowski/GoLangGraph/pkg/core/graph.go:203.2,203.12 1 4
github.com/piotrlaczkowski/GoLangGraph/pkg/core/graph.go:207.91,208.37 1 4
github.com/piotrlaczkowski/GoLangGraph/pkg/core/graph.go:208.37,210.3 1 1
github.com/piotrlaczkowski/GoLangGraph/pkg/core/graph.go:212.2,218.15 6 3
github.com/piotrlaczkowski/GoLangGraph/pkg/core/graph.go:218.15,222.3 3 3
github.com/piotrlaczkowski/GoLangGraph/pkg/core/graph.go:225.2,232.6 5 3
github.com/piotrlaczkowski/GoLangGraph/pkg/core/graph.go:232.6,235.10 1 5
github.com/piotrlaczkowski/GoLangGraph/pkg/core/graph.go:236.25,237.60 1 0
github.com/piotrlaczkowski/GoLangGraph/pkg/core/graph.go:238.26,239.62 1 0
github.com/piotrlaczkowski/GoLangGraph/pkg/core/graph.go:240.11,240.11 0 5
github.com/piotrlaczkowski/GoLangGraph/pkg/core/graph.go:244.3,244.43 1 5
github.com/piotrlaczkowski/GoLangGraph/pkg/core/graph.go:244.43,246.4 1 0
github.com/piotrlaczkowski/GoLangGraph/pkg/core/graph.go:249.3,250.17 2 5
github.com/piotrlaczkowski/GoLangGraph/pkg/core/graph.go:250.17,252.4 1 0
github.com/piotrlaczkowski/GoLangGraph/pkg/core/graph.go:255.3,261.31 5 5
github.com/piotrlaczkowski/GoLangGraph/pkg/core/graph.go:261.31,262.11 1 5
github.com/piotrlaczkowski/GoLangGraph/pkg/core/graph.go:263.32,263.32 0 5
github.com/piotrlaczkowski/GoLangGraph/pkg/core/graph.go:264.12,264.12 0 0
github.com/piotrlaczkowski/GoLangGraph/pkg/core/graph.go:270.3,270.31 1 5
github.com/piotrlaczkowski/GoLangGraph/pkg/core/graph.go:270.31,271.9 1 2
github.com/piotrlaczkowski/GoLangGraph/pkg/core/graph.go:275.3,276.17 2 3
github.com/piotrlaczkowski/GoLangGraph/pkg/core/graph.go:276.17,278.4 1 0
github.com/piotrlaczkowski/GoLangGraph/pkg/core/graph.go:280.3,280.21 1 3
github.com/piotrlaczkowski/GoLangGraph/pkg/core/graph.go:280.21,282.9 1 1
github.com/piotrlaczkowski/GoLangGraph/pkg/core/graph.go:285.3,286.15 2 2
github.com/piotrlaczkowski/GoLangGraph/pkg/core/graph.go:289.2,289.28 1 3
github.com/piotrlaczkowski/GoLangGraph/pkg/core/graph.go:293.91,299.13 5 5
github.com/piotrlaczkowski/GoLangGraph/pkg/core/graph.go:299.13,301.3 1 0
github.com/piotrlaczkowski/GoLangGraph/pkg/core/graph.go:303.2,315.65 5 5
github.com/piotrlaczkowski/GoLangGraph/pkg/core/graph.go:315.65,317.17 2 5
github.com/piotrlaczkowski/GoLangGraph/pkg/core/graph.go:317.17,318.9 1 5
github.com/piotrlaczkowski/GoLangGraph/pkg/core/graph.go:321.3,321.39 1 0
github.com/piotrlaczkowski/GoLangGraph/pkg/core/graph.go:321.39,328.11 2 0
github.com/piotrlaczkowski/GoLangGraph/pkg/core/graph.go:329.22,330.26 1 0
github.com/piotrlaczkowski/GoLangGraph/pkg/core/graph.go:331.43,331.43 0 0
github.com/piotrlaczkowski/GoLangGraph/pkg/core/graph.go:337.2,348.16 3 5
github.com/piotrlaczkowski/GoLangGraph/pkg/core/graph.go:348.16,354.3 1 0
github.com/piotrlaczkowski/GoLangGraph/pkg/core/graph.go:354.8,359.3 1 5
github.com/piotrlaczkowski/GoLangGraph/pkg/core/graph.go:361.2,361.20 1 5
github.com/piotrlaczkowski/GoLangGraph/pkg/core/graph.go:365.88,371.31 4 3
github.com/piotrlaczkowski/GoLangGraph/pkg/core/graph.go:371.31,372.33 1 3
github.com/piotrlaczkowski/GoLangGraph/pkg/core/graph.go:372.33,374.4 1 3
github.com/piotrlaczkowski/GoLangGraph/pkg/core/graph.go:378.2,378.29 1 3
github.com/piotrlaczkowski/GoLangGraph/pkg/core/graph.go:378.29,380.3 1 1
github.com/piotrlaczkowski/GoLangGraph/pkg/core/graph.go:383.2,383.66 1 2
github.com/piotrlaczkowski/GoLangGraph/pkg/core/graph.go:383.66,385.3 1 1
github.com/piotrlaczkowski/GoLangGraph/pkg/core/graph.go:388.2,388.37 1 1
github.com/piotrlaczkowski/GoLangGraph/pkg/core/graph.go:388.37,389.28 1 1
github.com/piotrlaczkowski/GoLangGraph/pkg/core/graph.go:389.28,391.18 2 1
github.com/piotrlaczkowski/GoLangGraph/pkg/core/graph.go:391.18,393.5 1 0
github.com/piotrlaczkowski/GoLangGraph/pkg/core/graph.go:396.4,396.29 1 1
github.com/piotrlaczkowski/GoLangGraph/pkg/core/graph.go:396.29,398.5 1 1
github.com/piotrlaczkowski/GoLangGraph/pkg/core/graph.go:403.2,403.37 1 0
github.com/piotrlaczkowski/GoLangGraph/pkg/core/graph.go:403.37,404.28 1 0
github.com/piotrlaczkowski/GoLangGraph/pkg/core/graph.go:404.28,406.4 1 0
github.com/piotrlaczkowski/GoLangGraph/pkg/core/graph.go:409.2,409.74 1 0
github.com/piotrlaczkowski/GoLangGraph/pkg/core/graph.go:413.47,414.37 1 5
github.com/piotrlaczkowski/GoLangGraph/pkg/core/graph.go:414.37,415.24 1 5
github.com/piotrlaczkowski/GoLangGraph/pkg/core/graph.go:415.24,417.4 1 2
github.com/piotrlaczkowski/GoLangGraph/pkg/core/graph.go:419.2,419.14 1 3
github.com/piotrlaczkowski/GoLangGraph/pkg/core/graph.go:423.50,425.2 1 1
github.com/piotrlaczkowski/GoLangGraph/pkg/core/graph.go:428.29,429.9 1 1
github.com/piotrlaczkowski/GoLangGraph/pkg/core/graph.go:430.37,430.37 0 0
github.com/piotrlaczkowski/GoLangGraph/pkg/core/graph.go:431.10,431.10 0 1
github.com/piotrlaczkowski/GoLangGraph/pkg/core/graph.go:437.34,441.2 3 1
github.com/piotrlaczkowski/GoLangGraph/pkg/core/graph.go:444.58,451.2 5 1
github.com/piotrlaczkowski/GoLangGraph/pkg/core/graph.go:454.46,458.27 3 0
github.com/piotrlaczkowski/GoLangGraph/pkg/core/graph.go:458.27,460.3 1 0
github.com/piotrlaczkowski/GoLangGraph/pkg/core/graph.go:461.2,461.31 1 0
github.com/piotrlaczkowski/GoLangGraph/pkg/core/graph.go:465.25,472.2 5 1
github.com/piotrlaczkowski/GoLangGraph/pkg/core/graph.go:475.127,476.23 1 0
github.com/piotrlaczkowski/GoLangGraph/pkg/core/graph.go:476.23,478.3 1 0
github.com/piotrlaczkowski/GoLangGraph/pkg/core/graph.go:480.2,486.33 5 0
github.com/piotrlaczkowski/GoLangGraph/pkg/core/graph.go:486.33,488.23 2 0
github.com/piotrlaczkowski/GoLangGraph/pkg/core/graph.go:488.23,492.18 3 0
github.com/piotrlaczkowski/GoLangGraph/pkg/core/graph.go:492.18,495.5 2 0
github.com/piotrlaczkowski/GoLangGraph/pkg/core/graph.go:497.4,499.22 3 0
github.com/piotrlaczkowski/GoLangGraph/pkg/core/graph.go:503.2,507.27 3 0
github.com/piotrlaczkowski/GoLangGraph/pkg/core/graph.go:507.27,509.3 1 0
github.com/piotrlaczkowski/GoLangGraph/pkg/core/graph.go:511.2,511.21 1 0
github.com/piotrlaczkowski/GoLangGraph/pkg/core/graph.go:515.118,520.13 4 0
github.com/piotrlaczkowski/GoLangGraph/pkg/core/graph.go:520.13,522.3 1 0
github.com/piotrlaczkowski/GoLangGraph/pkg/core/graph.go:524.2,535.8 4 0
github.com/piotrlaczkowski/GoLangGraph/pkg/core/graph.go:539.57,544.31 4 0
github.com/piotrlaczkowski/GoLangGraph/pkg/core/graph.go:544.31,545.61 1 0
github.com/piotrlaczkowski/GoLangGraph/pkg/core/graph.go:545.61,546.33 1 0
github.com/piotrlaczkowski/GoLangGraph/pkg/core/graph.go:546.33,548.5 1 0
github.com/piotrlaczkowski/GoLangGraph/pkg/core/graph.go:551.2,551.14 1 0
github.com/piotrlaczkowski/GoLangGraph/pkg/core/graph.go:555.51,562.30 4 1
github.com/piotrlaczkowski/GoLangGraph/pkg/core/graph.go:562.30,564.3 1 3
github.com/piotrlaczkowski/GoLangGraph/pkg/core/graph.go:567.2,567.31 1 1
github.com/piotrlaczkowski/GoLangGraph/pkg/core/graph.go:567.31,569.3 1 2
github.com/piotrlaczkowski/GoLangGraph/pkg/core/graph.go:571.2,571.17 1 1
github.com/piotrlaczkowski/GoLangGraph/pkg/core/graph.go:575.25,581.2 4 0
github.com/piotrlaczkowski/GoLangGraph/pkg/core/state.go:32.49,37.2 1 26
github.com/piotrlaczkowski/GoLangGraph/pkg/core/state.go:40.61,45.36 4 1
github.com/piotrlaczkowski/GoLangGraph/pkg/core/state.go:45.36,47.3 1 0
github.com/piotrlaczkowski/GoLangGraph/pkg/core/state.go:51.56,58.2 5 0
github.com/piotrlaczkowski/GoLangGraph/pkg/core/state.go:61.72,65.40 3 0
github.com/piotrlaczkowski/GoLangGraph/pkg/core/state.go:65.40,66.24 1 0
github.com/piotrlaczkowski/GoLangGraph/pkg/core/state.go:66.24,68.4 1 0
github.com/piotrlaczkowski/GoLangGraph/pkg/core/state.go:70.2,70.61 1 0
github.com/piotrlaczkowski/GoLangGraph/pkg/core/state.go:82.32,88.2 1 26
github.com/piotrlaczkowski/GoLangGraph/pkg/core/state.go:91.57,97.2 4 25
github.com/piotrlaczkowski/GoLangGraph/pkg/core/state.go:100.56,105.2 3 30
github.com/piotrlaczkowski/GoLangGraph/pkg/core/state.go:108.41,113.2 3 2
github.com/piotrlaczkowski/GoLangGraph/pkg/core/state.go:116.38,121.25 4 3
github.com/piotrlaczkowski/GoLangGraph/pkg/core/state.go:121.25,123.3 1 3
github.com/piotrlaczkowski/GoLangGraph/pkg/core/state.go:124.2,124.13 1 3
github.com/piotrlaczkowski/GoLangGraph/pkg/core/state.go:128.53,133.28 4 2
github.com/piotrlaczkowski/GoLangGraph/pkg/core/state.go:133.28,135.3 1 4
github.com/piotrlaczkowski/GoLangGraph/pkg/core/state.go:136.2,136.15 1 2
github.com/piotrlaczkowski/GoLangGraph/pkg/core/state.go:140.65,145.2 3 2
github.com/piotrlaczkowski/GoLangGraph/pkg/core/state.go:148.66,154.2 4 2
github.com/piotrlaczkowski/GoLangGraph/pkg/core/state.go:157.53,169.28 4 1
github.com/piotrlaczkowski/GoLangGraph/pkg/core/state.go:169.28,171.3 1 1
github.com/piotrlaczkowski/GoLangGraph/pkg/core/state.go:174.2,174.32 1 1
github.com/piotrlaczkowski/GoLangGraph/pkg/core/state.go:174.32,176.3 1 1
github.com/piotrlaczkowski/GoLangGraph/pkg/core/state.go:179.2,181.17 2 1
github.com/piotrlaczkowski/GoLangGraph/pkg/core/state.go:185.66,194.34 5 1
github.com/piotrlaczkowski/GoLangGraph/pkg/core/state.go:194.34,196.3 1 1
github.com/piotrlaczkowski/GoLangGraph/pkg/core/state.go:199.2,199.38 1 1
github.com/piotrlaczkowski/GoLangGraph/pkg/core/state.go:199.38,201.3 1 1
github.com/piotrlaczkowski/GoLangGraph/pkg/core/state.go:205.49,207.2 1 0
github.com/piotrlaczkowski/GoLangGraph/pkg/core/state.go:210.46,215.30 4 1
github.com/piotrlaczkowski/GoLangGraph/pkg/core/state.go:215.30,217.3 1 2
github.com/piotrlaczkowski/GoLangGraph/pkg/core/state.go:221.41,228.28 4 9
github.com/piotrlaczkowski/GoLangGraph/pkg/core/state.go:228.28,230.3 1 6
github.com/piotrlaczkowski/GoLangGraph/pkg/core/state.go:233.2,233.32 1 9
github.com/piotrlaczkowski/GoLangGraph/pkg/core/state.go:233.32,235.3 1 0
github.com/piotrlaczkowski/GoLangGraph/pkg/core/state.go:237.2,237.14 1 9
github.com/piotrlaczkowski/GoLangGraph/pkg/core/state.go:241.47,254.2 4 1
github.com/piotrlaczkowski/GoLangGraph/pkg/core/state.go:257.50,266.57 4 1
github.com/piotrlaczkowski/GoLangGraph/pkg/core/state.go:266.57,268.3 1 0
github.com/piotrlaczkowski/GoLangGraph/pkg/core/state.go:270.2,273.12 3 1
github.com/piotrlaczkowski/GoLangGraph/pkg/core/state.go:277.44,278.16 1 14
github.com/piotrlaczkowski/GoLangGraph/pkg/core/state.go:278.16,280.3 1 0
github.com/piotrlaczkowski/GoLangGraph/pkg/core/state.go:283.2,283.25 1 14
github.com/piotrlaczkowski/GoLangGraph/pkg/core/state.go:284.107,285.11 1 13
github.com/piotrlaczkowski/GoLangGraph/pkg/core/state.go:286.14,289.13 3 0
github.com/piotrlaczkowski/GoLangGraph/pkg/core/state.go:293.2,297.27 4 1
github.com/piotrlaczkowski/GoLangGraph/pkg/core/state.go:301.48,302.20 1 3
github.com/piotrlaczkowski/GoLangGraph/pkg/core/state.go:303.19,304.18 1 0
github.com/piotrlaczkowski/GoLangGraph/pkg/core/state.go:304.18,306.4 1 0
github.com/piotrlaczkowski/GoLangGraph/pkg/core/state.go:307.3,308.44 2 0
github.com/piotrlaczkowski/GoLangGraph/pkg/core/state.go:309.25,310.18 1 0
github.com/piotrlaczkowski/GoLangGraph/pkg/core/state.go:310.18,312.4 1 0
github.com/piotrlaczkowski/GoLangGraph/pkg/core/state.go:313.3,313.54 1 0
github.com/piotrlaczkowski/GoLangGraph/pkg/core/state.go:314.22,315.39 1 0
github.com/piotrlaczkowski/GoLangGraph/pkg/core/state.go:315.39,317.4 1 0
github.com/piotrlaczkowski/GoLangGraph/pkg/core/state.go:318.21,319.18 1 1
github.com/piotrlaczkowski/GoLangGraph/pkg/core/state.go:319.18,321.4 1 0
github.com/piotrlaczkowski/GoLangGraph/pkg/core/state.go:322.3,323.34 2 1
github.com/piotrlaczkowski/GoLangGraph/pkg/core/state.go:323.34,325.4 1 2
github.com/piotrlaczkowski/GoLangGraph/pkg/core/state.go:326.19,327.18 1 0
github.com/piotrlaczkowski/GoLangGraph/pkg/core/state.go:327.18,329.4 1 0
github.com/piotrlaczkowski/GoLangGraph/pkg/core/state.go:330.3,331.37 2 0
github.com/piotrlaczkowski/GoLangGraph/pkg/core/state.go:331.37,336.4 4 0
github.com/piotrlaczkowski/GoLangGraph/pkg/core/state.go:337.10,338.15 1 2
github.com/piotrlaczkowski/GoLangGraph/pkg/core/state.go:349.38,353.2 1 0
github.com/piotrlaczkowski/GoLangGraph/pkg/core/state.go:356.59,363.2 5 0
github.com/piotrlaczkowski/GoLangGraph/pkg/core/state.go:366.64,372.2 4 0
github.com/piotrlaczkowski/GoLangGraph/pkg/core/state.go:375.48,380.2 3 0
github.com/piotrlaczkowski/GoLangGraph/pkg/core/state.go:383.47,388.28 4 0
github.com/piotrlaczkowski/GoLangGraph/pkg/core/state.go:388.28,390.3 1 0
github.com/piotrlaczkowski/GoLangGraph/pkg/core/state.go:391.2,391.12 1 0
github.com/piotrlaczkowski/GoLangGraph/pkg/builder/quick.go:48.40,61.2 1 22
github.com/piotrlaczkowski/GoLangGraph/pkg/builder/quick.go:64.38,71.28 3 21
github.com/piotrlaczkowski/GoLangGraph/pkg/builder/quick.go:71.28,76.17 2 0
github.com/piotrlaczkowski/GoLangGraph/pkg/builder/quick.go:76.17,78.4 1 0
github.com/piotrlaczkowski/GoLangGraph/pkg/builder/quick.go:82.2,85.16 2 21
github.com/piotrlaczkowski/GoLangGraph/pkg/builder/quick.go:85.16,87.3 1 21
github.com/piotrlaczkowski/GoLangGraph/pkg/builder/quick.go:90.2,90.28 1 21
github.com/piotrlaczkowski/GoLangGraph/pkg/builder/quick.go:90.28,94.17 2 0
github.com/piotrlaczkowski/GoLangGraph/pkg/builder/quick.go:94.17,96.4 1 0
github.com/piotrlaczkowski/GoLangGraph/pkg/builder/quick.go:100.2,101.27 2 21
github.com/piotrlaczkowski/GoLangGraph/pkg/builder/quick.go:101.27,109.3 7 21
github.com/piotrlaczkowski/GoLangGraph/pkg/builder/quick.go:112.2,113.22 2 21
github.com/piotrlaczkowski/GoLangGraph/pkg/builder/quick.go:113.22,115.3 1 21
github.com/piotrlaczkowski/GoLangGraph/pkg/builder/quick.go:117.2,122.3 1 21
github.com/piotrlaczkowski/GoLangGraph/pkg/builder/quick.go:126.71,129.2 2 1
github.com/piotrlaczkowski/GoLangGraph/pkg/builder/quick.go:132.84,133.18 1 0
github.com/piotrlaczkowski/GoLangGraph/pkg/builder/quick.go:134.16,135.50 1 0
github.com/piotrlaczkowski/GoLangGraph/pkg/builder/quick.go:135.50,137.18 2 0
github.com/piotrlaczkowski/GoLangGraph/pkg/builder/quick.go:137.18,139.5 1 0
github.com/piotrlaczkowski/GoLangGraph/pkg/builder/quick.go:141.16,142.50 1 0
github.com/piotrlaczkowski/GoLangGraph/pkg/builder/quick.go:142.50,144.18 2 0
github.com/piotrlaczkowski/GoLangGraph/pkg/builder/quick.go:144.18,146.5 1 0
github.com/piotrlaczkowski/GoLangGraph/pkg/builder/quick.go:148.16,149.50 1 0
github.com/piotrlaczkowski/GoLangGraph/pkg/builder/quick.go:149.50,151.18 2 0
github.com/piotrlaczkowski/GoLangGraph/pkg/builder/quick.go:151.18,153.5 1 0
github.com/piotrlaczkowski/GoLangGraph/pkg/builder/quick.go:156.2,156.11 1 0
github.com/piotrlaczkowski/GoLangGraph/pkg/builder/quick.go:160.70,161.29 1 0
github.com/piotrlaczkowski/GoLangGraph/pkg/builder/quick.go:161.29,163.3 1 0
github.com/piotrlaczkowski/GoLangGraph/pkg/builder/quick.go:164.2,164.11 1 0
github.com/piotrlaczkowski/GoLangGraph/pkg/builder/quick.go:168.94,171.2 2 0
github.com/piotrlaczkowski/GoLangGraph/pkg/builder/quick.go:176.59,178.19 2 13
github.com/piotrlaczkowski/GoLangGraph/pkg/builder/quick.go:178.19,180.3 1 12
github.com/piotrlaczkowski/GoLangGraph/pkg/builder/quick.go:182.2,192.63 2 13
github.com/piotrlaczkowski/GoLangGraph/pkg/builder/quick.go:196.60,198.19 2 2
github.com/piotrlaczkowski/GoLangGraph/pkg/builder/quick.go:198.19,200.3 1 2
github.com/piotrlaczkowski/GoLangGraph/pkg/builder/quick.go:202.2,214.63 2 2
github.com/piotrlaczkowski/GoLangGraph/pkg/builder/quick.go:218.59,220.19 2 2
github.com/piotrlaczkowski/GoLangGraph/pkg/builder/quick.go:220.19,222.3 1 2
github.com/piotrlaczkowski/GoLangGraph/pkg/builder/quick.go:224.2,235.63 2 2
github.com/piotrlaczkowski/GoLangGraph/pkg/builder/quick.go:239.58,241.19 2 2
github.com/piotrlaczkowski/GoLangGraph/pkg/builder/quick.go:241.19,243.3 1 2
github.com/piotrlaczkowski/GoLangGraph/pkg/builder/quick.go:245.2,256.63 2 2
github.com/piotrlaczkowski/GoLangGraph/pkg/builder/quick.go:260.62,262.2 1 1
github.com/piotrlaczkowski/GoLangGraph/pkg/builder/quick.go:267.65,269.19 2 1
github.com/piotrlaczkowski/GoLangGraph/pkg/builder/quick.go:269.19,271.3 1 1
github.com/piotrlaczkowski/GoLangGraph/pkg/builder/quick.go:273.2,284.63 2 1
github.com/piotrlaczkowski/GoLangGraph/pkg/builder/quick.go:288.61,290.19 2 1
github.com/piotrlaczkowski/GoLangGraph/pkg/builder/quick.go:290.19,292.3 1 1
github.com/piotrlaczkowski/GoLangGraph/pkg/builder/quick.go:294.2,305.63 2 1
github.com/piotrlaczkowski/GoLangGraph/pkg/builder/quick.go:309.62,311.19 2 1
github.com/piotrlaczkowski/GoLangGraph/pkg/builder/quick.go:311.19,313.3 1 1
github.com/piotrlaczkowski/GoLangGraph/pkg/builder/quick.go:315.2,326.63 2 1
github.com/piotrlaczkowski/GoLangGraph/pkg/builder/quick.go:330.60,332.19 2 1
github.com/piotrlaczkowski/GoLangGraph/pkg/builder/quick.go:332.19,334.3 1 1
github.com/piotrlaczkowski/GoLangGraph/pkg/builder/quick.go:336.2,347.63 2 1
github.com/piotrlaczkowski/GoLangGraph/pkg/builder/quick.go:353.73,358.2 1 2
github.com/piotrlaczkowski/GoLangGraph/pkg/builder/quick.go:361.67,366.2 1 2
github.com/piotrlaczkowski/GoLangGraph/pkg/builder/quick.go:371.60,373.19 2 0
github.com/piotrlaczkowski/GoLangGraph/pkg/builder/quick.go:373.19,375.3 1 0
github.com/piotrlaczkowski/GoLangGraph/pkg/builder/quick.go:377.2,398.12 9 0
github.com/piotrlaczkowski/GoLangGraph/pkg/builder/quick.go:404.50,408.67 2 23
github.com/piotrlaczkowski/GoLangGraph/pkg/builder/quick.go:408.67,409.39 1 69
github.com/piotrlaczkowski/GoLangGraph/pkg/builder/quick.go:409.39,410.30 1 69
github.com/piotrlaczkowski/GoLangGraph/pkg/builder/quick.go:410.30,412.5 1 23
github.com/piotrlaczkowski/GoLangGraph/pkg/builder/quick.go:417.2,417.24 1 0
github.com/piotrlaczkowski/GoLangGraph/pkg/builder/quick.go:417.24,419.3 1 0
github.com/piotrlaczkowski/GoLangGraph/pkg/builder/quick.go:421.2,421.15 1 0
github.com/piotrlaczkowski/GoLangGraph/pkg/builder/quick.go:433.101,436.34 2 0
github.com/piotrlaczkowski/GoLangGraph/pkg/builder/quick.go:436.34,440.3 3 0
github.com/piotrlaczkowski/GoLangGraph/pkg/builder/quick.go:442.2,442.63 1 0
github.com/piotrlaczkowski/GoLangGraph/pkg/builder/quick.go:452.98,455.34 2 0
github.com/piotrlaczkowski/GoLangGraph/pkg/builder/quick.go:455.34,459.3 3 0
github.com/piotrlaczkowski/GoLangGraph/pkg/builder/quick.go:461.2,462.16 2 0
github.com/piotrlaczkowski/GoLangGraph/pkg/builder/quick.go:462.16,464.3 1 0
github.com/piotrlaczkowski/GoLangGraph/pkg/builder/quick.go:467.2,468.36 2 0
github.com/piotrlaczkowski/GoLangGraph/pkg/builder/quick.go:468.36,470.3 1 0
github.com/piotrlaczkowski/GoLangGraph/pkg/builder/quick.go:472.2,472.24 1 0
github.com/piotrlaczkowski/GoLangGraph/pkg/builder/quick.go:478.28,480.2 1 10
github.com/piotrlaczkowski/GoLangGraph/pkg/builder/quick.go:483.47,485.2 1 5
github.com/piotrlaczkowski/GoLangGraph/pkg/builder/quick.go:488.48,490.2 1 1
github.com/piotrlaczkowski/GoLangGraph/pkg/builder/quick.go:493.47,495.2 1 1
github.com/piotrlaczkowski/GoLangGraph/pkg/builder/quick.go:498.46,500.2 1 1
github.com/piotrlaczkowski/GoLangGraph/pkg/builder/quick.go:503.48,505.2 1 0
github.com/piotrlaczkowski/GoLangGraph/pkg/builder/quick.go:508.61,510.2 1 1
github.com/piotrlaczkowski/GoLangGraph/pkg/builder/quick.go:513.55,515.2 1 1
github.com/piotrlaczkowski/GoLangGraph/pkg/debug/visualizer.go:26.50,34.2 1 11
github.com/piotrlaczkowski/GoLangGraph/pkg/debug/visualizer.go:100.107,101.19 1 12
github.com/piotrlaczkowski/GoLangGraph/pkg/debug/visualizer.go:101.19,103.3 1 9
github.com/piotrlaczkowski/GoLangGraph/pkg/debug/visualizer.go:105.2,111.3 1 12
github.com/piotrlaczkowski/GoLangGraph/pkg/debug/visualizer.go:115.74,119.2 3 1
github.com/piotrlaczkowski/GoLangGraph/pkg/debug/visualizer.go:122.60,130.57 4 16
github.com/piotrlaczkowski/GoLangGraph/pkg/debug/visualizer.go:130.57,132.3 1 1
github.com/piotrlaczkowski/GoLangGraph/pkg/debug/visualizer.go:135.2,135.44 1 16
github.com/piotrlaczkowski/GoLangGraph/pkg/debug/visualizer.go:135.44,137.3 1 1
github.com/piotrlaczkowski/GoLangGraph/pkg/debug/visualizer.go:140.2,140.57 1 16
github.com/piotrlaczkowski/GoLangGraph/pkg/debug/visualizer.go:140.57,154.63 4 0
github.com/piotrlaczkowski/GoLangGraph/pkg/debug/visualizer.go:154.63,156.4 1 0
github.com/piotrlaczkowski/GoLangGraph/pkg/debug/visualizer.go:161.81,165.20 3 7
github.com/piotrlaczkowski/GoLangGraph/pkg/debug/visualizer.go:165.20,170.3 3 3
github.com/piotrlaczkowski/GoLangGraph/pkg/debug/visualizer.go:172.2,173.43 2 4
github.com/piotrlaczkowski/GoLangGraph/pkg/debug/visualizer.go:173.43,174.32 1 9
github.com/piotrlaczkowski/GoLangGraph/pkg/debug/visualizer.go:174.32,176.4 1 6
github.com/piotrlaczkowski/GoLangGraph/pkg/debug/visualizer.go:178.2,178.17 1 4
github.com/piotrlaczkowski/GoLangGraph/pkg/debug/visualizer.go:182.79,189.35 2 8
github.com/piotrlaczkowski/GoLangGraph/pkg/debug/visualizer.go:189.35,199.3 2 16
github.com/piotrlaczkowski/GoLangGraph/pkg/debug/visualizer.go:202.2,202.35 1 8
github.com/piotrlaczkowski/GoLangGraph/pkg/debug/visualizer.go:202.35,210.3 2 8
github.com/piotrlaczkowski/GoLangGraph/pkg/debug/visualizer.go:212.2,212.17 1 8
github.com/piotrlaczkowski/GoLangGraph/pkg/debug/visualizer.go:216.83,221.38 3 1
github.com/piotrlaczkowski/GoLangGraph/pkg/debug/visualizer.go:221.38,226.23 3 2
github.com/piotrlaczkowski/GoLangGraph/pkg/debug/visualizer.go:226.23,229.4 2 1
github.com/piotrlaczkowski/GoLangGraph/pkg/debug/visualizer.go:230.3,230.21 1 2
github.com/piotrlaczkowski/GoLangGraph/pkg/debug/visualizer.go:230.21,233.4 2 1
github.com/piotrlaczkowski/GoLangGraph/pkg/debug/visualizer.go:237.2,237.38 1 1
github.com/piotrlaczkowski/GoLangGraph/pkg/debug/visualizer.go:237.38,239.27 2 1
github.com/piotrlaczkowski/GoLangGraph/pkg/debug/visualizer.go:239.27,241.4 1 0
github.com/piotrlaczkowski/GoLangGraph/pkg/debug/visualizer.go:242.3,242.87 1 1
github.com/piotrlaczkowski/GoLangGraph/pkg/debug/visualizer.go:245.2,245.25 1 1
github.com/piotrlaczkowski/GoLangGraph/pkg/debug/visualizer.go:249.79,256.38 5 1
github.com/piotrlaczkowski/GoLangGraph/pkg/debug/visualizer.go:256.38,259.23 2 2
github.com/piotrlaczkowski/GoLangGraph/pkg/debug/visualizer.go:259.23,261.4 1 1
github.com/piotrlaczkowski/GoLangGraph/pkg/debug/visualizer.go:262.3,262.21 1 2
github.com/piotrlaczkowski/GoLangGraph/pkg/debug/visualizer.go:262.21,264.4 1 1
github.com/piotrlaczkowski/GoLangGraph/pkg/debug/visualizer.go:266.3,266.89 1 2
github.com/piotrlaczkowski/GoLangGraph/pkg/debug/visualizer.go:270.2,270.38 1 1
github.com/piotrlaczkowski/GoLangGraph/pkg/debug/visualizer.go:270.38,272.27 2 1
github.com/piotrlaczkowski/GoLangGraph/pkg/debug/visualizer.go:272.27,274.4 1 0
github.com/piotrlaczkowski/GoLangGraph/pkg/debug/visualizer.go:276.3,277.21 2 1
github.com/piotrlaczkowski/GoLangGraph/pkg/debug/visualizer.go:277.21,279.4 1 0
github.com/piotrlaczkowski/GoLangGraph/pkg/debug/visualizer.go:281.3,281.87 1 1
github.com/piotrlaczkowski/GoLangGraph/pkg/debug/visualizer.go:284.2,285.25 2 1
github.com/piotrlaczkowski/GoLangGraph/pkg/debug/visualizer.go:289.75,295.29 4 1
github.com/piotrlaczkowski/GoLangGraph/pkg/debug/visualizer.go:295.29,299.34 3 2
github.com/piotrlaczkowski/GoLangGraph/pkg/debug/visualizer.go:299.34,301.4 1 2
github.com/piotrlaczkowski/GoLangGraph/pkg/debug/visualizer.go:304.3,305.24 2 2
github.com/piotrlaczkowski/GoLangGraph/pkg/debug/visualizer.go:306.16,307.21 1 1
github.com/piotrlaczkowski/GoLangGraph/pkg/debug/visualizer.go:308.15,309.21 1 1
github.com/piotrlaczkowski/GoLangGraph/pkg/debug/visualizer.go:310.16,311.21 1 0
github.com/piotrlaczkowski/GoLangGraph/pkg/debug/visualizer.go:312.11,313.21 1 0
github.com/piotrlaczkowski/GoLangGraph/pkg/debug/visualizer.go:316.3,320.23 3 2
github.com/piotrlaczkowski/GoLangGraph/pkg/debug/visualizer.go:320.23,322.4 1 1
github.com/piotrlaczkowski/GoLangGraph/pkg/debug/visualizer.go:325.2,325.25 1 1
github.com/piotrlaczkowski/GoLangGraph/pkg/debug/visualizer.go:329.81,339.20 3 1
github.com/piotrlaczkowski/GoLangGraph/pkg/debug/visualizer.go:339.20,342.3 2 1
github.com/piotrlaczkowski/GoLangGraph/pkg/debug/visualizer.go:345.2,347.18 2 1
github.com/piotrlaczkowski/GoLangGraph/pkg/debug/visualizer.go:352.64,353.55 1 16
github.com/piotrlaczkowski/GoLangGraph/pkg/debug/visualizer.go:353.55,354.39 1 0
github.com/piotrlaczkowski/GoLangGraph/pkg/debug/visualizer.go:354.39,356.4 1 0
github.com/piotrlaczkowski/GoLangGraph/pkg/debug/visualizer.go:358.2,358.18 1 16
github.com/piotrlaczkowski/GoLangGraph/pkg/debug/visualizer.go:361.77,362.41 1 16
github.com/piotrlaczkowski/GoLangGraph/pkg/debug/visualizer.go:362.41,363.24 1 16
github.com/piotrlaczkowski/GoLangGraph/pkg/debug/visualizer.go:363.24,365.4 1 8
github.com/piotrlaczkowski/GoLangGraph/pkg/debug/visualizer.go:367.2,367.14 1 8
github.com/piotrlaczkowski/GoLangGraph/pkg/debug/visualizer.go:370.69,371.27 1 8
github.com/piotrlaczkowski/GoLangGraph/pkg/debug/visualizer.go:371.27,373.3 1 8
github.com/piotrlaczkowski/GoLangGraph/pkg/debug/visualizer.go:376.2,376.20 1 0
github.com/piotrlaczkowski/GoLangGraph/pkg/debug/visualizer.go:379.70,380.19 1 2
github.com/piotrlaczkowski/GoLangGraph/pkg/debug/visualizer.go:381.15,382.42 1 0
github.com/piotrlaczkowski/GoLangGraph/pkg/debug/visualizer.go:383.13,384.42 1 0
github.com/piotrlaczkowski/GoLangGraph/pkg/debug/visualizer.go:385.18,386.40 1 0
github.com/piotrlaczkowski/GoLangGraph/pkg/debug/visualizer.go:387.17,388.40 1 0
github.com/piotrlaczkowski/GoLangGraph/pkg/debug/visualizer.go:389.10,390.40 1 2
github.com/piotrlaczkowski/GoLangGraph/pkg/debug/visualizer.go:394.93,395.21 1 1
github.com/piotrlaczkowski/GoLangGraph/pkg/debug/visualizer.go:395.21,397.3 1 0
github.com/piotrlaczkowski/GoLangGraph/pkg/debug/visualizer.go:399.2,400.29 2 1
github.com/piotrlaczkowski/GoLangGraph/pkg/debug/visualizer.go:400.29,402.3 1 1
github.com/piotrlaczkowski/GoLangGraph/pkg/debug/visualizer.go:403.2,403.14 1 1
github.com/piotrlaczkowski/GoLangGraph/pkg/debug/visualizer.go:406.102,407.21 1 1
github.com/piotrlaczkowski/GoLangGraph/pkg/debug/visualizer.go:407.21,409.3 1 0
github.com/piotrlaczkowski/GoLangGraph/pkg/debug/visualizer.go:411.2,414.29 3 1
github.com/piotrlaczkowski/GoLangGraph/pkg/debug/visualizer.go:414.29,415.24 1 1
github.com/piotrlaczkowski/GoLangGraph/pkg/debug/visualizer.go:415.24,418.4 2 1
github.com/piotrlaczkowski/GoLangGraph/pkg/debug/visualizer.go:421.2,422.43 2 1
github.com/piotrlaczkowski/GoLangGraph/pkg/debug/visualizer.go:422.43,424.31 2 1
github.com/piotrlaczkowski/GoLangGraph/pkg/debug/visualizer.go:424.31,426.4 1 1
github.com/piotrlaczkowski/GoLangGraph/pkg/debug/visualizer.go:427.3,427.61 1 1
github.com/piotrlaczkowski/GoLangGraph/pkg/debug/visualizer.go:430.2,433.50 1 1
github.com/piotrlaczkowski/GoLangGraph/pkg/debug/visualizer.go:433.50,435.31 2 1
github.com/piotrlaczkowski/GoLangGraph/pkg/debug/visualizer.go:435.31,437.5 1 1
github.com/piotrlaczkowski/GoLangGraph/pkg/debug/visualizer.go:438.4,438.17 1 1
github.com/piotrlaczkowski/GoLangGraph/pkg/debug/visualizer.go:450.95,455.2 1 0
github.com/piotrlaczkowski/GoLangGraph/pkg/debug/visualizer.go:458.68,464.48 2 0
github.com/piotrlaczkowski/GoLangGraph/pkg/debug/visualizer.go:464.48,466.3 1 0
github.com/piotrlaczkowski/GoLangGraph/pkg/debug/visualizer.go:470.89,479.48 2 0
github.com/piotrlaczkowski/GoLangGraph/pkg/debug/visualizer.go:479.48,481.3 1 0
github.com/piotrlaczkowski/GoLangGraph/pkg/debug/visualizer.go:485.51,493.48 2 0
github.com/piotrlaczkowski/GoLangGraph/pkg/debug/visualizer.go:493.48,495.3 1 0
github.com/piotrlaczkowski/GoLangGraph/pkg/llm/gemini.go:22.73,23.25 1 0
github.com/piotrlaczkowski/GoLangGraph/pkg/llm/gemini.go:23.25,25.3 1 0
github.com/piotrlaczkowski/GoLangGraph/pkg/llm/gemini.go:27.2,33.22 2 0
github.com/piotrlaczkowski/GoLangGraph/pkg/llm/gemini.go:37.43,39.2 1 0
github.com/piotrlaczkowski/GoLangGraph/pkg/llm/gemini.go:42.75,44.2 1 0
github.com/piotrlaczkowski/GoLangGraph/pkg/llm/gemini.go:47.108,49.28 1 0
github.com/piotrlaczkowski/GoLangGraph/pkg/llm/gemini.go:49.28,51.3 1 0
github.com/piotrlaczkowski/GoLangGraph/pkg/llm/gemini.go:53.2,57.69 3 0
github.com/piotrlaczkowski/GoLangGraph/pkg/llm/gemini.go:57.69,59.3 1 0
github.com/piotrlaczkowski/GoLangGraph/pkg/llm/gemini.go:59.8,59.85 1 0
github.com/piotrlaczkowski/GoLangGraph/pkg/llm/gemini.go:59.85,61.3 1 0
github.com/piotrlaczkowski/GoLangGraph/pkg/llm/gemini.go:61.8,63.3 1 0
github.com/piotrlaczkowski/GoLangGraph/pkg/llm/gemini.go:65.2,85.8 1 0
github.com/piotrlaczkowski/GoLangGraph/pkg/llm/gemini.go:89.116,92.16 2 0
github.com/piotrlaczkowski/GoLangGraph/pkg/llm/gemini.go:92.16,94.3 1 0
github.com/piotrlaczkowski/GoLangGraph/pkg/llm/gemini.go:97.2,100.29 3 0
github.com/piotrlaczkowski/GoLangGraph/pkg/llm/gemini.go:100.29,117.41 2 0
github.com/piotrlaczkowski/GoLangGraph/pkg/llm/gemini.go:117.41,119.4 1 0
github.com/piotrlaczkowski/GoLangGraph/pkg/llm/gemini.go:122.3,122.36 1 0
github.com/piotrlaczkowski/GoLangGraph/pkg/llm/gemini.go:125.2,125.12 1 0
github.com/piotrlaczkowski/GoLangGraph/pkg/llm/gemini.go:129.63,132.2 1 0
github.com/piotrlaczkowski/GoLangGraph/pkg/llm/gemini.go:135.61,143.2 1 0
github.com/piotrlaczkowski/GoLangGraph/pkg/llm/gemini.go:146.73,147.50 1 0
github.com/piotrlaczkowski/GoLangGraph/pkg/llm/gemini.go:147.50,149.3 1 0
github.com/piotrlaczkowski/GoLangGraph/pkg/llm/gemini.go:150.2,150.47 1 0
github.com/piotrlaczkowski/GoLangGraph/pkg/llm/gemini.go:150.47,152.3 1 0
github.com/piotrlaczkowski/GoLangGraph/pkg/llm/gemini.go:153.2,153.53 1 0
github.com/piotrlaczkowski/GoLangGraph/pkg/llm/gemini.go:153.53,155.3 1 0
github.com/piotrlaczkowski/GoLangGraph/pkg/llm/gemini.go:156.2,156.53 1 0
github.com/piotrlaczkowski/GoLangGraph/pkg/llm/gemini.go:156.53,158.3 1 0
github.com/piotrlaczkowski/GoLangGraph/pkg/llm/gemini.go:159.2,159.12 1 0
github.com/piotrlaczkowski/GoLangGraph/pkg/llm/gemini.go:163.40,165.2 1 0
github.com/piotrlaczkowski/GoLangGraph/pkg/llm/gemini.go:170.54,177.2 1 0
github.com/piotrlaczkowski/GoLangGraph/pkg/llm/gemini.go:180.51,182.2 1 0
github.com/piotrlaczkowski/GoLangGraph/pkg/llm/gemini.go:185.51,187.2 1 0
github.com/piotrlaczkowski/GoLangGraph/pkg/llm/gemini.go:190.57,191.15 1 0
github.com/piotrlaczkowski/GoLangGraph/pkg/llm/gemini.go:192.20,193.15 1 0
github.com/piotrlaczkowski/GoLangGraph/pkg/llm/gemini.go:194.27,195.15 1 0
github.com/piotrlaczkowski/GoLangGraph/pkg/llm/gemini.go:196.24,197.16 1 0
github.com/piotrlaczkowski/GoLangGraph/pkg/llm/gemini.go:198.26,199.15 1 0
github.com/piotrlaczkowski/GoLangGraph/pkg/llm/gemini.go:200.10,201.15 1 0
github.com/piotrlaczkowski/GoLangGraph/pkg/llm/ollama.go:73.73,75.20 2 2
github.com/piotrlaczkowski/GoLangGraph/pkg/llm/ollama.go:75.20,77.3 1 1
github.com/piotrlaczkowski/GoLangGraph/pkg/llm/ollama.go:79.2,93.22 4 2
github.com/piotrlaczkowski/GoLangGraph/pkg/llm/ollama.go:97.43,99.2 1 1
github.com/piotrlaczkowski/GoLangGraph/pkg/llm/ollama.go:102.75,104.65 1 0
github.com/piotrlaczkowski/GoLangGraph/pkg/llm/ollama.go:104.65,106.3 1 0
github.com/piotrlaczkowski/GoLangGraph/pkg/llm/ollama.go:108.2,109.16 2 0
github.com/piotrlaczkowski/GoLangGraph/pkg/llm/ollama.go:109.16,111.3 1 0
github.com/piotrlaczkowski/GoLangGraph/pkg/llm/ollama.go:113.2,114.16 2 0
github.com/piotrlaczkowski/GoLangGraph/pkg/llm/ollama.go:114.16,116.3 1 0
github.com/piotrlaczkowski/GoLangGraph/pkg/llm/ollama.go:117.2,119.38 2 0
github.com/piotrlaczkowski/GoLangGraph/pkg/llm/ollama.go:119.38,121.3 1 0
github.com/piotrlaczkowski/GoLangGraph/pkg/llm/ollama.go:123.2,124.71 2 0
github.com/piotrlaczkowski/GoLangGraph/pkg/llm/ollama.go:124.71,126.3 1 0
github.com/piotrlaczkowski/GoLangGraph/pkg/llm/ollama.go:128.2,129.42 2 0
github.com/piotrlaczkowski/GoLangGraph/pkg/llm/ollama.go:129.42,131.3 1 0
github.com/piotrlaczkowski/GoLangGraph/pkg/llm/ollama.go:133.2,134.22 2 0
github.com/piotrlaczkowski/GoLangGraph/pkg/llm/ollama.go:138.108,142.16 3 0
github.com/piotrlaczkowski/GoLangGraph/pkg/llm/ollama.go:142.16,144.3 1 0
github.com/piotrlaczkowski/GoLangGraph/pkg/llm/ollama.go:146.2,147.16 2 0
github.com/piotrlaczkowski/GoLangGraph/pkg/llm/ollama.go:147.16,149.3 1 0
github.com/piotrlaczkowski/GoLangGraph/pkg/llm/ollama.go:151.2,154.16 3 0
github.com/piotrlaczkowski/GoLangGraph/pkg/llm/ollama.go:154.16,156.3 1 0
github.com/piotrlaczkowski/GoLangGraph/pkg/llm/ollama.go:157.2,159.38 2 0
github.com/piotrlaczkowski/GoLangGraph/pkg/llm/ollama.go:159.38,162.3 2 0
github.com/piotrlaczkowski/GoLangGraph/pkg/llm/ollama.go:164.2,165.71 2 0
github.com/piotrlaczkowski/GoLangGraph/pkg/llm/ollama.go:165.71,167.3 1 0
github.com/piotrlaczkowski/GoLangGraph/pkg/llm/ollama.go:169.2,169.28 1 0
github.com/piotrlaczkowski/GoLangGraph/pkg/llm/ollama.go:169.28,171.3 1 0
github.com/piotrlaczkowski/GoLangGraph/pkg/llm/ollama.go:173.2,173.53 1 0
github.com/piotrlaczkowski/GoLangGraph/pkg/llm/ollama.go:177.116,182.16 4 0
github.com/piotrlaczkowski/GoLangGraph/pkg/llm/ollama.go:182.16,184.3 1 0
github.com/piotrlaczkowski/GoLangGraph/pkg/llm/ollama.go:186.2,187.16 2 0
github.com/piotrlaczkowski/GoLangGraph/pkg/llm/ollama.go:187.16,189.3 1 0
github.com/piotrlaczkowski/GoLangGraph/pkg/llm/ollama.go:191.2,194.16 3 0
github.com/piotrlaczkowski/GoLangGraph/pkg/llm/ollama.go:194.16,196.3 1 0
github.com/piotrlaczkowski/GoLangGraph/pkg/llm/ollama.go:197.2,199.38 2 0
github.com/piotrlaczkowski/GoLangGraph/pkg/llm/ollama.go:199.38,202.3 2 0
github.com/piotrlaczkowski/GoLangGraph/pkg/llm/ollama.go:204.2,205.6 2 0
github.com/piotrlaczkowski/GoLangGraph/pkg/llm/ollama.go:205.6,207.53 2 0
github.com/piotrlaczkowski/GoLangGraph/pkg/llm/ollama.go:207.53,208.21 1 0
github.com/piotrlaczkowski/GoLangGraph/pkg/llm/ollama.go:208.21,209.10 1 0
github.com/piotrlaczkowski/GoLangGraph/pkg/llm/ollama.go:211.4,211.66 1 0
github.com/piotrlaczkowski/GoLangGraph/pkg/llm/ollama.go:214.3,214.29 1 0
github.com/piotrlaczkowski/GoLangGraph/pkg/llm/ollama.go:214.29,216.4 1 0
github.com/piotrlaczkowski/GoLangGraph/pkg/llm/ollama.go:219.3,220.45 2 0
github.com/piotrlaczkowski/GoLangGraph/pkg/llm/ollama.go:220.45,222.4 1 0
github.com/piotrlaczkowski/GoLangGraph/pkg/llm/ollama.go:224.3,224.22 1 0
github.com/piotrlaczkowski/GoLangGraph/pkg/llm/ollama.go:224.22,225.9 1 0
github.com/piotrlaczkowski/GoLangGraph/pkg/llm/ollama.go:229.2,229.12 1 0
github.com/piotrlaczkowski/GoLangGraph/pkg/llm/ollama.go:233.63,235.16 2 0
github.com/piotrlaczkowski/GoLangGraph/pkg/llm/ollama.go:235.16,237.3 1 0
github.com/piotrlaczkowski/GoLangGraph/pkg/llm/ollama.go:239.2,240.16 2 0
github.com/piotrlaczkowski/GoLangGraph/pkg/llm/ollama.go:240.16,242.3 1 0
github.com/piotrlaczkowski/GoLangGraph/pkg/llm/ollama.go:243.2,245.38 2 0
github.com/piotrlaczkowski/GoLangGraph/pkg/llm/ollama.go:245.38,247.3 1 0
github.com/piotrlaczkowski/GoLangGraph/pkg/llm/ollama.go:249.2,249.12 1 0
github.com/piotrlaczkowski/GoLangGraph/pkg/llm/ollama.go:253.61,265.2 1 0
github.com/piotrlaczkowski/GoLangGraph/pkg/llm/ollama.go:268.73,269.45 1 0
github.com/piotrlaczkowski/GoLangGraph/pkg/llm/ollama.go:269.45,271.3 1 0
github.com/piotrlaczkowski/GoLangGraph/pkg/llm/ollama.go:272.2,272.53 1 0
github.com/piotrlaczkowski/GoLangGraph/pkg/llm/ollama.go:272.53,274.3 1 0
github.com/piotrlaczkowski/GoLangGraph/pkg/llm/ollama.go:275.2,275.47 1 0
github.com/piotrlaczkowski/GoLangGraph/pkg/llm/ollama.go:275.47,277.3 1 0
github.com/piotrlaczkowski/GoLangGraph/pkg/llm/ollama.go:278.2,278.53 1 0
github.com/piotrlaczkowski/GoLangGraph/pkg/llm/ollama.go:278.53,280.3 1 0
github.com/piotrlaczkowski/GoLangGraph/pkg/llm/ollama.go:281.2,281.53 1 0
github.com/piotrlaczkowski/GoLangGraph/pkg/llm/ollama.go:281.53,283.3 1 0
github.com/piotrlaczkowski/GoLangGraph/pkg/llm/ollama.go:284.2,284.58 1 0
github.com/piotrlaczkowski/GoLangGraph/pkg/llm/ollama.go:284.58,287.3 2 0
github.com/piotrlaczkowski/GoLangGraph/pkg/llm/ollama.go:288.2,288.55 1 0
github.com/piotrlaczkowski/GoLangGraph/pkg/llm/ollama.go:288.55,290.3 1 0
github.com/piotrlaczkowski/GoLangGraph/pkg/llm/ollama.go:291.2,291.65 1 0
github.com/piotrlaczkowski/GoLangGraph/pkg/llm/ollama.go:291.65,293.3 1 0
github.com/piotrlaczkowski/GoLangGraph/pkg/llm/ollama.go:295.2,295.12 1 0
github.com/piotrlaczkowski/GoLangGraph/pkg/llm/ollama.go:299.40,302.2 1 0
github.com/piotrlaczkowski/GoLangGraph/pkg/llm/ollama.go:305.86,307.35 2 0
github.com/piotrlaczkowski/GoLangGraph/pkg/llm/ollama.go:307.35,309.27 1 0
github.com/piotrlaczkowski/GoLangGraph/pkg/llm/ollama.go:309.27,310.12 1 0
github.com/piotrlaczkowski/GoLangGraph/pkg/llm/ollama.go:312.3,315.4 1 0
github.com/piotrlaczkowski/GoLangGraph/pkg/llm/ollama.go:319.2,320.31 2 0
github.com/piotrlaczkowski/GoLangGraph/pkg/llm/ollama.go:320.31,321.24 1 0
github.com/piotrlaczkowski/GoLangGraph/pkg/llm/ollama.go:321.24,323.4 1 0
github.com/piotrlaczkowski/GoLangGraph/pkg/llm/ollama.go:326.2,327.17 2 0
github.com/piotrlaczkowski/GoLangGraph/pkg/llm/ollama.go:327.17,329.18 2 0
github.com/piotrlaczkowski/GoLangGraph/pkg/llm/ollama.go:329.18,331.4 1 0
github.com/piotrlaczkowski/GoLangGraph/pkg/llm/ollama.go:334.2,335.22 2 0
github.com/piotrlaczkowski/GoLangGraph/pkg/llm/ollama.go:335.22,337.23 2 0
github.com/piotrlaczkowski/GoLangGraph/pkg/llm/ollama.go:337.23,339.4 1 0
github.com/piotrlaczkowski/GoLangGraph/pkg/llm/ollama.go:342.2,343.20 2 0
github.com/piotrlaczkowski/GoLangGraph/pkg/llm/ollama.go:343.20,345.21 2 0
github.com/piotrlaczkowski/GoLangGraph/pkg/llm/ollama.go:345.21,347.4 1 0
github.com/piotrlaczkowski/GoLangGraph/pkg/llm/ollama.go:350.2,362.18 2 0
github.com/piotrlaczkowski/GoLangGraph/pkg/llm/ollama.go:366.93,377.15 3 0
github.com/piotrlaczkowski/GoLangGraph/pkg/llm/ollama.go:377.15,379.3 1 0
github.com/piotrlaczkowski/GoLangGraph/pkg/llm/ollama.go:381.2,392.3 1 0
github.com/piotrlaczkowski/GoLangGraph/pkg/llm/ollama.go:396.98,407.15 3 0
github.com/piotrlaczkowski/GoLangGraph/pkg/llm/ollama.go:407.15,409.3 1 0
github.com/piotrlaczkowski/GoLangGraph/pkg/llm/ollama.go:411.2,417.3 1 0
github.com/piotrlaczkowski/GoLangGraph/pkg/llm/ollama.go:421.54,439.2 1 0
github.com/piotrlaczkowski/GoLangGraph/pkg/llm/ollama.go:442.51,444.2 1 0
github.com/piotrlaczkowski/GoLangGraph/pkg/llm/ollama.go:447.51,449.2 1 0
github.com/piotrlaczkowski/GoLangGraph/pkg/llm/ollama.go:452.57,453.9 1 0
github.com/piotrlaczkowski/GoLangGraph/pkg/llm/ollama.go:454.38,455.14 1 0
github.com/piotrlaczkowski/GoLangGraph/pkg/llm/ollama.go:456.38,457.14 1 0
github.com/piotrlaczkowski/GoLangGraph/pkg/llm/ollama.go:458.38,459.14 1 0
github.com/piotrlaczkowski/GoLangGraph/pkg/llm/ollama.go:460.37,461.14 1 0
github.com/piotrlaczkowski/GoLangGraph/pkg/llm/ollama.go:462.10,463.14 1 0
github.com/piotrlaczkowski/GoLangGraph/pkg/llm/ollama.go:468.58,470.2 1 0
github.com/piotrlaczkowski/GoLangGraph/pkg/llm/ollama.go:473.58,476.2 1 0
github.com/piotrlaczkowski/GoLangGraph/pkg/llm/ollama.go:479.73,481.31 2 0
github.com/piotrlaczkowski/GoLangGraph/pkg/llm/ollama.go:481.31,483.3 1 0
github.com/piotrlaczkowski/GoLangGraph/pkg/llm/ollama.go:484.2,484.14 1 0
github.com/piotrlaczkowski/GoLangGraph/pkg/llm/ollama.go:488.60,489.17 1 0
github.com/piotrlaczkowski/GoLangGraph/pkg/llm/ollama.go:489.17,491.3 1 0
github.com/piotrlaczkowski/GoLangGraph/pkg/llm/ollama.go:494.2,494.12 1 0
github.com/piotrlaczkowski/GoLangGraph/pkg/llm/ollama.go:498.67,509.2 1 0
github.com/piotrlaczkowski/GoLangGraph/pkg/llm/ollama.go:512.77,518.16 3 0
github.com/piotrlaczkowski/GoLangGraph/pkg/llm/ollama.go:518.16,520.3 1 0
github.com/piotrlaczkowski/GoLangGraph/pkg/llm/ollama.go:522.2,523.16 2 0
github.com/piotrlaczkowski/GoLangGraph/pkg/llm/ollama.go:523.16,525.3 1 0
github.com/piotrlaczkowski/GoLangGraph/pkg/llm/ollama.go:527.2,530.16 3 0
github.com/piotrlaczkowski/GoLangGraph/pkg/llm/ollama.go:530.16,532.3 1 0
github.com/piotrlaczkowski/GoLangGraph/pkg/llm/ollama.go:533.2,535.38 2 0
github.com/piotrlaczkowski/GoLangGraph/pkg/llm/ollama.go:535.38,538.3 2 0
github.com/piotrlaczkowski/GoLangGraph/pkg/llm/ollama.go:541.2,542.6 2 0
github.com/piotrlaczkowski/GoLangGraph/pkg/llm/ollama.go:542.6,544.51 2 0
github.com/piotrlaczkowski/GoLangGraph/pkg/llm/ollama.go:544.51,545.21 1 0
github.com/piotrlaczkowski/GoLangGraph/pkg/llm/ollama.go:545.21,546.10 1 0
github.com/piotrlaczkowski/GoLangGraph/pkg/llm/ollama.go:548.4,548.64 1 0
github.com/piotrlaczkowski/GoLangGraph/pkg/llm/ollama.go:552.3,552.67 1 0
github.com/piotrlaczkowski/GoLangGraph/pkg/llm/ollama.go:552.67,554.4 1 0
github.com/piotrlaczkowski/GoLangGraph/pkg/llm/ollama.go:557.3,557.75 1 0
github.com/piotrlaczkowski/GoLangGraph/pkg/llm/ollama.go:557.75,558.9 1 0
github.com/piotrlaczkowski/GoLangGraph/pkg/llm/ollama.go:562.2,562.12 1 0
github.com/piotrlaczkowski/GoLangGraph/pkg/llm/ollama.go:566.79,572.16 3 0
github.com/piotrlaczkowski/GoLangGraph/pkg/llm/ollama.go:572.16,574.3 1 0
github.com/piotrlaczkowski/GoLangGraph/pkg/llm/ollama.go:576.2,577.16 2 0
github.com/piotrlaczkowski/GoLangGraph/pkg/llm/ollama.go:577.16,579.3 1 0
github.com/piotrlaczkowski/GoLangGraph/pkg/llm/ollama.go:581.2,584.16 3 0
github.com/piotrlaczkowski/GoLangGraph/pkg/llm/ollama.go:584.16,586.3 1 0
github.com/piotrlaczkowski/GoLangGraph/pkg/llm/ollama.go:587.2,589.38 2 0
github.com/piotrlaczkowski/GoLangGraph/pkg/llm/ollama.go:589.38,592.3 2 0
github.com/piotrlaczkowski/GoLangGraph/pkg/llm/ollama.go:594.2,594.12 1 0
github.com/piotrlaczkowski/GoLangGraph/pkg/llm/openai.go:23.73,24.25 1 2
github.com/piotrlaczkowski/GoLangGraph/pkg/llm/openai.go:24.25,26.3 1 1
github.com/piotrlaczkowski/GoLangGraph/pkg/llm/openai.go:28.2,29.27 2 1
github.com/piotrlaczkowski/GoLangGraph/pkg/llm/openai.go:29.27,31.3 1 0
github.com/piotrlaczkowski/GoLangGraph/pkg/llm/openai.go:33.2,42.22 3 1
github.com/piotrlaczkowski/GoLangGraph/pkg/llm/openai.go:46.43,48.2 1 1
github.com/piotrlaczkowski/GoLangGraph/pkg/llm/openai.go:51.75,53.65 1 0
github.com/piotrlaczkowski/GoLangGraph/pkg/llm/openai.go:53.65,55.3 1 0
github.com/piotrlaczkowski/GoLangGraph/pkg/llm/openai.go:57.2,58.16 2 0
github.com/piotrlaczkowski/GoLangGraph/pkg/llm/openai.go:58.16,60.3 1 0
github.com/piotrlaczkowski/GoLangGraph/pkg/llm/openai.go:62.2,63.38 2 0
github.com/piotrlaczkowski/GoLangGraph/pkg/llm/openai.go:63.38,65.3 1 0
github.com/piotrlaczkowski/GoLangGraph/pkg/llm/openai.go:67.2,68.22 2 0
github.com/piotrlaczkowski/GoLangGraph/pkg/llm/openai.go:72.108,76.16 3 0
github.com/piotrlaczkowski/GoLangGraph/pkg/llm/openai.go:76.16,78.3 1 0
github.com/piotrlaczkowski/GoLangGraph/pkg/llm/openai.go:80.2,80.47 1 0
github.com/piotrlaczkowski/GoLangGraph/pkg/llm/openai.go:84.116,88.16 3 0
github.com/piotrlaczkowski/GoLangGraph/pkg/llm/openai.go:88.16,90.3 1 0
github.com/piotrlaczkowski/GoLangGraph/pkg/llm/openai.go:91.2,93.6 2 0
github.com/piotrlaczkowski/GoLangGraph/pkg/llm/openai.go:93.6,95.17 2 0
github.com/piotrlaczkowski/GoLangGraph/pkg/llm/openai.go:95.17,96.28 1 0
github.com/piotrlaczkowski/GoLangGraph/pkg/llm/openai.go:96.28,97.10 1 0
github.com/piotrlaczkowski/GoLangGraph/pkg/llm/openai.go:99.4,99.46 1 0
github.com/piotrlaczkowski/GoLangGraph/pkg/llm/openai.go:103.3,104.45 2 0
github.com/piotrlaczkowski/GoLangGraph/pkg/llm/openai.go:104.45,106.4 1 0
github.com/piotrlaczkowski/GoLangGraph/pkg/llm/openai.go:109.2,109.12 1 0
github.com/piotrlaczkowski/GoLangGraph/pkg/llm/openai.go:113.63,116.16 2 0
github.com/piotrlaczkowski/GoLangGraph/pkg/llm/openai.go:116.16,118.3 1 0
github.com/piotrlaczkowski/GoLangGraph/pkg/llm/openai.go:119.2,119.12 1 0
github.com/piotrlaczkowski/GoLangGraph/pkg/llm/openai.go:123.61,135.2 1 0
github.com/piotrlaczkowski/GoLangGraph/pkg/llm/openai.go:138.73,139.45 1 0
github.com/piotrlaczkowski/GoLangGraph/pkg/llm/openai.go:139.45,141.3 1 0
github.com/piotrlaczkowski/GoLangGraph/pkg/llm/openai.go:142.2,142.47 1 0
github.com/piotrlaczkowski/GoLangGraph/pkg/llm/openai.go:142.47,144.3 1 0
github.com/piotrlaczkowski/GoLangGraph/pkg/llm/openai.go:145.2,145.53 1 0
github.com/piotrlaczkowski/GoLangGraph/pkg/llm/openai.go:145.53,147.3 1 0
github.com/piotrlaczkowski/GoLangGraph/pkg/llm/openai.go:148.2,148.53 1 0
github.com/piotrlaczkowski/GoLangGraph/pkg/llm/openai.go:148.53,150.3 1 0
github.com/piotrlaczkowski/GoLangGraph/pkg/llm/openai.go:151.2,151.58 1 0
github.com/piotrlaczkowski/GoLangGraph/pkg/llm/openai.go:151.58,153.3 1 0
github.com/piotrlaczkowski/GoLangGraph/pkg/llm/openai.go:154.2,154.55 1 0
github.com/piotrlaczkowski/GoLangGraph/pkg/llm/openai.go:154.55,156.3 1 0
github.com/piotrlaczkowski/GoLangGraph/pkg/llm/openai.go:157.2,157.65 1 0
github.com/piotrlaczkowski/GoLangGraph/pkg/llm/openai.go:157.65,159.3 1 0
github.com/piotrlaczkowski/GoLangGraph/pkg/llm/openai.go:161.2,161.12 1 0
github.com/piotrlaczkowski/GoLangGraph/pkg/llm/openai.go:165.40,168.2 1 0
github.com/piotrlaczkowski/GoLangGraph/pkg/llm/openai.go:171.101,173.35 2 0
github.com/piotrlaczkowski/GoLangGraph/pkg/llm/openai.go:173.35,181.29 2 0
github.com/piotrlaczkowski/GoLangGraph/pkg/llm/openai.go:181.29,183.37 2 0
github.com/piotrlaczkowski/GoLangGraph/pkg/llm/openai.go:183.37,192.5 1 0
github.com/piotrlaczkowski/GoLangGraph/pkg/llm/openai.go:193.4,193.37 1 0
github.com/piotrlaczkowski/GoLangGraph/pkg/llm/openai.go:197.3,197.27 1 0
github.com/piotrlaczkowski/GoLangGraph/pkg/llm/openai.go:197.27,199.4 1 0
github.com/piotrlaczkowski/GoLangGraph/pkg/llm/openai.go:202.2,212.27 2 0
github.com/piotrlaczkowski/GoLangGraph/pkg/llm/openai.go:212.27,214.28 2 0
github.com/piotrlaczkowski/GoLangGraph/pkg/llm/openai.go:214.28,216.4 1 0
github.com/piotrlaczkowski/GoLangGraph/pkg/llm/openai.go:220.2,220.32 1 0
github.com/piotrlaczkowski/GoLangGraph/pkg/llm/openai.go:220.32,222.3 1 0
github.com/piotrlaczkowski/GoLangGraph/pkg/llm/openai.go:225.2,225.30 1 0
github.com/piotrlaczkowski/GoLangGraph/pkg/llm/openai.go:225.30,227.3 1 0
github.com/piotrlaczkowski/GoLangGraph/pkg/llm/openai.go:230.2,230.24 1 0
github.com/piotrlaczkowski/GoLangGraph/pkg/llm/openai.go:230.24,232.34 2 0
github.com/piotrlaczkowski/GoLangGraph/pkg/llm/openai.go:232.34,241.4 1 0
github.com/piotrlaczkowski/GoLangGraph/pkg/llm/openai.go:242.3,242.26 1 0
github.com/piotrlaczkowski/GoLangGraph/pkg/llm/openai.go:246.2,246.27 1 0
github.com/piotrlaczkowski/GoLangGraph/pkg/llm/openai.go:246.27,247.38 1 0
github.com/piotrlaczkowski/GoLangGraph/pkg/llm/openai.go:248.15,249.36 1 0
github.com/piotrlaczkowski/GoLangGraph/pkg/llm/openai.go:249.36,251.5 1 0
github.com/piotrlaczkowski/GoLangGraph/pkg/llm/openai.go:252.31,253.73 1 0
github.com/piotrlaczkowski/GoLangGraph/pkg/llm/openai.go:253.73,254.68 1 0
github.com/piotrlaczkowski/GoLangGraph/pkg/llm/openai.go:254.68,255.51 1 0
github.com/piotrlaczkowski/GoLangGraph/pkg/llm/openai.go:255.51,262.7 1 0
github.com/piotrlaczkowski/GoLangGraph/pkg/llm/openai.go:268.2,268.18 1 0
github.com/piotrlaczkowski/GoLangGraph/pkg/llm/openai.go:272.108,274.38 2 0
github.com/piotrlaczkowski/GoLangGraph/pkg/llm/openai.go:274.38,282.40 2 0
github.com/piotrlaczkowski/GoLangGraph/pkg/llm/openai.go:282.40,284.48 2 0
github.com/piotrlaczkowski/GoLangGraph/pkg/llm/openai.go:284.48,293.5 1 0
github.com/piotrlaczkowski/GoLangGraph/pkg/llm/openai.go:294.4,294.33 1 0
github.com/piotrlaczkowski/GoLangGraph/pkg/llm/openai.go:297.3,301.4 1 0
github.com/piotrlaczkowski/GoLangGraph/pkg/llm/openai.go:304.2,316.3 1 0
github.com/piotrlaczkowski/GoLangGraph/pkg/llm/openai.go:320.119,322.38 2 0
github.com/piotrlaczkowski/GoLangGraph/pkg/llm/openai.go:322.38,329.38 2 0
github.com/piotrlaczkowski/GoLangGraph/pkg/llm/openai.go:329.38,331.46 2 0
github.com/piotrlaczkowski/GoLangGraph/pkg/llm/openai.go:331.46,340.5 1 0
github.com/piotrlaczkowski/GoLangGraph/pkg/llm/openai.go:341.4,341.31 1 0
github.com/piotrlaczkowski/GoLangGraph/pkg/llm/openai.go:344.3,348.4 1 0
github.com/piotrlaczkowski/GoLangGraph/pkg/llm/openai.go:351.2,358.3 1 0
github.com/piotrlaczkowski/GoLangGraph/pkg/llm/openai.go:362.54,373.2 1 0
github.com/piotrlaczkowski/GoLangGraph/pkg/llm/openai.go:376.51,378.2 1 0
github.com/piotrlaczkowski/GoLangGraph/pkg/llm/openai.go:381.51,383.2 1 0
github.com/piotrlaczkowski/GoLangGraph/pkg/llm/openai.go:386.57,387.9 1 0
github.com/piotrlaczkowski/GoLangGraph/pkg/llm/openai.go:388.46,389.16 1 0
github.com/piotrlaczkowski/GoLangGraph/pkg/llm/openai.go:390.40,391.14 1 0
github.com/piotrlaczkowski/GoLangGraph/pkg/llm/openai.go:392.52,393.15 1 0
github.com/piotrlaczkowski/GoLangGraph/pkg/llm/openai.go:394.48,395.14 1 0
github.com/piotrlaczkowski/GoLangGraph/pkg/llm/openai.go:396.10,397.14 1 0
github.com/piotrlaczkowski/GoLangGraph/pkg/llm/openai.go:402.58,404.2 1 0
github.com/piotrlaczkowski/GoLangGraph/pkg/llm/openai.go:407.58,410.2 1 0
github.com/piotrlaczkowski/GoLangGraph/pkg/llm/openai.go:413.73,415.31 2 0
github.com/piotrlaczkowski/GoLangGraph/pkg/llm/openai.go:415.31,420.36 2 0
github.com/piotrlaczkowski/GoLangGraph/pkg/llm/openai.go:420.36,422.4 1 0
github.com/piotrlaczkowski/GoLangGraph/pkg/llm/openai.go:424.2,424.14 1 0
github.com/piotrlaczkowski/GoLangGraph/pkg/llm/openai.go:428.60,429.17 1 0
github.com/piotrlaczkowski/GoLangGraph/pkg/llm/openai.go:429.17,431.3 1 0
github.com/piotrlaczkowski/GoLangGraph/pkg/llm/openai.go:434.2,435.39 2 0
github.com/piotrlaczkowski/GoLangGraph/pkg/llm/openai.go:435.39,436.39 1 0
github.com/piotrlaczkowski/GoLangGraph/pkg/llm/openai.go:436.39,438.4 1 0
github.com/piotrlaczkowski/GoLangGraph/pkg/llm/openai.go:441.2,441.81 1 0
github.com/piotrlaczkowski/GoLangGraph/pkg/llm/openai.go:445.67,456.2 1 0
github.com/piotrlaczkowski/GoLangGraph/pkg/llm/provider.go:144.46,154.2 1 1
github.com/piotrlaczkowski/GoLangGraph/pkg/llm/provider.go:165.44,170.2 1 1
github.com/piotrlaczkowski/GoLangGraph/pkg/llm/provider.go:173.83,177.45 3 0
github.com/piotrlaczkowski/GoLangGraph/pkg/llm/provider.go:177.45,179.3 1 0
github.com/piotrlaczkowski/GoLangGraph/pkg/llm/provider.go:181.2,184.30 2 0
github.com/piotrlaczkowski/GoLangGraph/pkg/llm/provider.go:184.30,186.3 1 0
github.com/piotrlaczkowski/GoLangGraph/pkg/llm/provider.go:188.2,189.12 2 0
github.com/piotrlaczkowski/GoLangGraph/pkg/llm/provider.go:193.66,198.13 4 0
github.com/piotrlaczkowski/GoLangGraph/pkg/llm/provider.go:198.13,200.3 1 0
github.com/piotrlaczkowski/GoLangGraph/pkg/llm/provider.go:203.2,203.41 1 0
github.com/piotrlaczkowski/GoLangGraph/pkg/llm/provider.go:203.41,205.3 1 0
github.com/piotrlaczkowski/GoLangGraph/pkg/llm/provider.go:207.2,210.32 2 0
github.com/piotrlaczkowski/GoLangGraph/pkg/llm/provider.go:210.32,213.42 2 0
github.com/piotrlaczkowski/GoLangGraph/pkg/llm/provider.go:213.42,215.9 2 0
github.com/piotrlaczkowski/GoLangGraph/pkg/llm/provider.go:219.2,220.12 2 0
github.com/piotrlaczkowski/GoLangGraph/pkg/llm/provider.go:224.71,229.13 4 0
github.com/piotrlaczkowski/GoLangGraph/pkg/llm/provider.go:229.13,231.3 1 0
github.com/piotrlaczkowski/GoLangGraph/pkg/llm/provider.go:233.2,233.22 1 0
github.com/piotrlaczkowski/GoLangGraph/pkg/llm/provider.go:237.67,241.30 3 1
github.com/piotrlaczkowski/GoLangGraph/pkg/llm/provider.go:241.30,243.3 1 1
github.com/piotrlaczkowski/GoLangGraph/pkg/llm/provider.go:245.2,245.46 1 0
github.com/piotrlaczkowski/GoLangGraph/pkg/llm/provider.go:249.66,253.46 3 0
github.com/piotrlaczkowski/GoLangGraph/pkg/llm/provider.go:253.46,255.3 1 0
github.com/piotrlaczkowski/GoLangGraph/pkg/llm/provider.go:257.2,259.12 3 0
github.com/piotrlaczkowski/GoLangGraph/pkg/llm/provider.go:263.53,268.33 4 1
github.com/piotrlaczkowski/GoLangGraph/pkg/llm/provider.go:268.33,270.3 1 0
github.com/piotrlaczkowski/GoLangGraph/pkg/llm/provider.go:271.2,271.14 1 1
github.com/piotrlaczkowski/GoLangGraph/pkg/llm/provider.go:275.131,279.24 3 0
github.com/piotrlaczkowski/GoLangGraph/pkg/llm/provider.go:279.24,281.3 1 0
github.com/piotrlaczkowski/GoLangGraph/pkg/llm/provider.go:281.8,283.3 1 0
github.com/piotrlaczkowski/GoLangGraph/pkg/llm/provider.go:285.2,285.16 1 0
github.com/piotrlaczkowski/GoLangGraph/pkg/llm/provider.go:285.16,287.3 1 0
github.com/piotrlaczkowski/GoLangGraph/pkg/llm/provider.go:289.2,289.36 1 0
github.com/piotrlaczkowski/GoLangGraph/pkg/llm/provider.go:293.139,297.24 3 0
github.com/piotrlaczkowski/GoLangGraph/pkg/llm/provider.go:297.24,299.3 1 0
github.com/piotrlaczkowski/GoLangGraph/pkg/llm/provider.go:299.8,301.3 1 0
github.com/piotrlaczkowski/GoLangGraph/pkg/llm/provider.go:303.2,303.16 1 0
github.com/piotrlaczkowski/GoLangGraph/pkg/llm/provider.go:303.16,305.3 1 0
github.com/piotrlaczkowski/GoLangGraph/pkg/llm/provider.go:307.2,307.52 1 0
github.com/piotrlaczkowski/GoLangGraph/pkg/llm/provider.go:311.78,314.43 3 0
github.com/piotrlaczkowski/GoLangGraph/pkg/llm/provider.go:314.43,316.3 1 0
github.com/piotrlaczkowski/GoLangGraph/pkg/llm/provider.go:317.2,323.40 5 0
github.com/piotrlaczkowski/GoLangGraph/pkg/llm/provider.go:323.40,325.33 2 0
github.com/piotrlaczkowski/GoLangGraph/pkg/llm/provider.go:325.33,331.4 5 0
github.com/piotrlaczkowski/GoLangGraph/pkg/llm/provider.go:334.2,335.16 2 0
github.com/piotrlaczkowski/GoLangGraph/pkg/llm/provider.go:339.106,343.24 3 0
github.com/piotrlaczkowski/GoLangGraph/pkg/llm/provider.go:343.24,345.3 1 0
github.com/piotrlaczkowski/GoLangGraph/pkg/llm/provider.go:345.8,347.3 1 0
github.com/piotrlaczkowski/GoLangGraph/pkg/llm/provider.go:349.2,349.16 1 0
github.com/piotrlaczkowski/GoLangGraph/pkg/llm/provider.go:349.16,351.3 1 0
github.com/piotrlaczkowski/GoLangGraph/pkg/llm/provider.go:353.2,353.32 1 0
github.com/piotrlaczkowski/GoLangGraph/pkg/llm/provider.go:357.91,360.43 3 0
github.com/piotrlaczkowski/GoLangGraph/pkg/llm/provider.go:360.43,362.3 1 0
github.com/piotrlaczkowski/GoLangGraph/pkg/llm/provider.go:363.2,369.40 5 0
github.com/piotrlaczkowski/GoLangGraph/pkg/llm/provider.go:369.40,371.33 2 0
github.com/piotrlaczkowski/GoLangGraph/pkg/llm/provider.go:371.33,375.18 4 0
github.com/piotrlaczkowski/GoLangGraph/pkg/llm/provider.go:375.18,378.5 2 0
github.com/piotrlaczkowski/GoLangGraph/pkg/llm/provider.go:378.10,380.5 1 0
github.com/piotrlaczkowski/GoLangGraph/pkg/llm/provider.go:381.4,381.15 1 0
github.com/piotrlaczkowski/GoLangGraph/pkg/llm/provider.go:385.2,386.21 2 0
github.com/piotrlaczkowski/GoLangGraph/pkg/llm/provider.go:390.42,395.43 4 0
github.com/piotrlaczkowski/GoLangGraph/pkg/llm/provider.go:395.43,396.42 1 0
github.com/piotrlaczkowski/GoLangGraph/pkg/llm/provider.go:396.42,398.4 1 0
github.com/piotrlaczkowski/GoLangGraph/pkg/llm/provider.go:401.2,401.21 1 0
github.com/piotrlaczkowski/GoLangGraph/pkg/llm/provider.go:401.21,403.3 1 0
github.com/piotrlaczkowski/GoLangGraph/pkg/llm/provider.go:405.2,405.12 1 0
github.com/piotrlaczkowski/GoLangGraph/pkg/llm/provider.go:415.52,419.2 1 1
github.com/piotrlaczkowski/GoLangGraph/pkg/llm/provider.go:422.60,426.2 3 2
github.com/piotrlaczkowski/GoLangGraph/pkg/llm/provider.go:429.56,436.2 5 2
github.com/piotrlaczkowski/GoLangGraph/pkg/llm/provider.go:439.58,443.36 3 1
github.com/piotrlaczkowski/GoLangGraph/pkg/llm/provider.go:443.36,445.3 1 0
github.com/piotrlaczkowski/GoLangGraph/pkg/llm/provider.go:447.2,450.17 4 1
github.com/piotrlaczkowski/GoLangGraph/pkg/llm/provider.go:454.40,458.2 3 1
github.com/piotrlaczkowski/GoLangGraph/pkg/llm/provider.go:461.43,465.2 3 4
github.com/piotrlaczkowski/GoLangGraph/pkg/llm/provider.go:477.50,479.2 1 1
github.com/piotrlaczkowski/GoLangGraph/pkg/llm/provider.go:482.70,485.2 1 3
github.com/piotrlaczkowski/GoLangGraph/pkg/llm/provider.go:488.85,490.31 2 1
github.com/piotrlaczkowski/GoLangGraph/pkg/llm/provider.go:490.31,492.17 2 2
github.com/piotrlaczkowski/GoLangGraph/pkg/llm/provider.go:492.17,494.4 1 0
github.com/piotrlaczkowski/GoLangGraph/pkg/llm/provider.go:495.3,495.18 1 2
github.com/piotrlaczkowski/GoLangGraph/pkg/llm/provider.go:497.2,497.19 1 1
github.com/piotrlaczkowski/GoLangGraph/pkg/persistence/checkpointer.go:59.50,63.2 1 0
github.com/piotrlaczkowski/GoLangGraph/pkg/persistence/checkpointer.go:66.86,70.47 3 0
github.com/piotrlaczkowski/GoLangGraph/pkg/persistence/checkpointer.go:70.47,72.3 1 0
github.com/piotrlaczkowski/GoLangGraph/pkg/persistence/checkpointer.go:75.2,86.40 2 0
github.com/piotrlaczkowski/GoLangGraph/pkg/persistence/checkpointer.go:86.40,88.3 1 0
github.com/piotrlaczkowski/GoLangGraph/pkg/persistence/checkpointer.go:90.2,92.12 2 0
github.com/piotrlaczkowski/GoLangGraph/pkg/persistence/checkpointer.go:96.108,101.13 4 0
github.com/piotrlaczkowski/GoLangGraph/pkg/persistence/checkpointer.go:101.13,103.3 1 0
github.com/piotrlaczkowski/GoLangGraph/pkg/persistence/checkpointer.go:105.2,106.13 2 0
github.com/piotrlaczkowski/GoLangGraph/pkg/persistence/checkpointer.go:106.13,108.3 1 0
github.com/piotrlaczkowski/GoLangGraph/pkg/persistence/checkpointer.go:111.2,122.40 2 0
github.com/piotrlaczkowski/GoLangGraph/pkg/persistence/checkpointer.go:122.40,124.3 1 0
github.com/piotrlaczkowski/GoLangGraph/pkg/persistence/checkpointer.go:126.2,126.20 1 0
github.com/piotrlaczkowski/GoLangGraph/pkg/persistence/checkpointer.go:130.104,135.13 4 0
github.com/piotrlaczkowski/GoLangGraph/pkg/persistence/checkpointer.go:135.13,137.3 1 0
github.com/piotrlaczkowski/GoLangGraph/pkg/persistence/checkpointer.go:139.2,140.47 2 0
github.com/piotrlaczkowski/GoLangGraph/pkg/persistence/checkpointer.go:140.47,151.41 2 0
github.com/piotrlaczkowski/GoLangGraph/pkg/persistence/checkpointer.go:151.41,153.4 1 0
github.com/piotrlaczkowski/GoLangGraph/pkg/persistence/checkpointer.go:155.3,155.36 1 0
github.com/piotrlaczkowski/GoLangGraph/pkg/persistence/checkpointer.go:158.2,158.22 1 0
github.com/piotrlaczkowski/GoLangGraph/pkg/persistence/checkpointer.go:162.95,167.13 4 0
github.com/piotrlaczkowski/GoLangGraph/pkg/persistence/checkpointer.go:167.13,169.3 1 0
github.com/piotrlaczkowski/GoLangGraph/pkg/persistence/checkpointer.go:171.2,171.59 1 0
github.com/piotrlaczkowski/GoLangGraph/pkg/persistence/checkpointer.go:171.59,173.3 1 0
github.com/piotrlaczkowski/GoLangGraph/pkg/persistence/checkpointer.go:175.2,178.33 2 0
github.com/piotrlaczkowski/GoLangGraph/pkg/persistence/checkpointer.go:178.33,180.3 1 0
github.com/piotrlaczkowski/GoLangGraph/pkg/persistence/checkpointer.go:182.2,182.12 1 0
github.com/piotrlaczkowski/GoLangGraph/pkg/persistence/checkpointer.go:186.44,192.2 4 0
github.com/piotrlaczkowski/GoLangGraph/pkg/persistence/checkpointer.go:195.54,200.38 4 0
github.com/piotrlaczkowski/GoLangGraph/pkg/persistence/checkpointer.go:200.38,202.3 1 0
github.com/piotrlaczkowski/GoLangGraph/pkg/persistence/checkpointer.go:204.2,204.18 1 0
github.com/piotrlaczkowski/GoLangGraph/pkg/persistence/checkpointer.go:208.55,213.50 4 0
github.com/piotrlaczkowski/GoLangGraph/pkg/persistence/checkpointer.go:213.50,215.3 1 0
github.com/piotrlaczkowski/GoLangGraph/pkg/persistence/checkpointer.go:217.2,217.14 1 0
github.com/piotrlaczkowski/GoLangGraph/pkg/persistence/checkpointer.go:227.61,231.2 1 0
github.com/piotrlaczkowski/GoLangGraph/pkg/persistence/checkpointer.go:234.84,240.45 4 0
github.com/piotrlaczkowski/GoLangGraph/pkg/persistence/checkpointer.go:240.45,242.3 1 0
github.com/piotrlaczkowski/GoLangGraph/pkg/persistence/checkpointer.go:245.2,246.16 2 0
github.com/piotrlaczkowski/GoLangGraph/pkg/persistence/checkpointer.go:246.16,248.3 1 0
github.com/piotrlaczkowski/GoLangGraph/pkg/persistence/checkpointer.go:251.2,252.50 2 0
github.com/piotrlaczkowski/GoLangGraph/pkg/persistence/checkpointer.go:252.50,254.3 1 0
github.com/piotrlaczkowski/GoLangGraph/pkg/persistence/checkpointer.go:256.2,256.12 1 0
github.com/piotrlaczkowski/GoLangGraph/pkg/persistence/checkpointer.go:260.106,267.16 5 0
github.com/piotrlaczkowski/GoLangGraph/pkg/persistence/checkpointer.go:267.16,269.3 1 0
github.com/piotrlaczkowski/GoLangGraph/pkg/persistence/checkpointer.go:271.2,272.58 2 0
github.com/piotrlaczkowski/GoLangGraph/pkg/persistence/checkpointer.go:272.58,274.3 1 0
github.com/piotrlaczkowski/GoLangGraph/pkg/persistence/checkpointer.go:276.2,276.25 1 0
github.com/piotrlaczkowski/GoLangGraph/pkg/persistence/checkpointer.go:280.102,287.16 5 0
github.com/piotrlaczkowski/GoLangGraph/pkg/persistence/checkpointer.go:287.16,289.3 1 0
github.com/piotrlaczkowski/GoLangGraph/pkg/persistence/checkpointer.go:291.2,292.29 2 0
github.com/piotrlaczkowski/GoLangGraph/pkg/persistence/checkpointer.go:292.29,296.17 3 0
github.com/piotrlaczkowski/GoLangGraph/pkg/persistence/checkpointer.go:296.17,297.12 1 0
github.com/piotrlaczkowski/GoLangGraph/pkg/persistence/checkpointer.go:300.3,301.59 2 0
github.com/piotrlaczkowski/GoLangGraph/pkg/persistence/checkpointer.go:301.59,302.12 1 0
github.com/piotrlaczkowski/GoLangGraph/pkg/persistence/checkpointer.go:305.3,314.36 2 0
github.com/piotrlaczkowski/GoLangGraph/pkg/persistence/checkpointer.go:317.2,317.22 1 0
github.com/piotrlaczkowski/GoLangGraph/pkg/persistence/checkpointer.go:321.93,327.45 4 0
github.com/piotrlaczkowski/GoLangGraph/pkg/persistence/checkpointer.go:327.45,329.3 1 0
github.com/piotrlaczkowski/GoLangGraph/pkg/persistence/checkpointer.go:331.2,331.12 1 0
github.com/piotrlaczkowski/GoLangGraph/pkg/persistence/checkpointer.go:335.42,338.2 1 0
github.com/piotrlaczkowski/GoLangGraph/pkg/persistence/checkpointer.go:347.73,352.2 1 0
github.com/piotrlaczkowski/GoLangGraph/pkg/persistence/checkpointer.go:355.132,356.17 1 0
github.com/piotrlaczkowski/GoLangGraph/pkg/persistence/checkpointer.go:356.17,358.3 1 0
github.com/piotrlaczkowski/GoLangGraph/pkg/persistence/checkpointer.go:360.2,370.46 2 0
github.com/piotrlaczkowski/GoLangGraph/pkg/persistence/checkpointer.go:374.118,375.17 1 0
github.com/piotrlaczkowski/GoLangGraph/pkg/persistence/checkpointer.go:375.17,377.3 1 0
github.com/piotrlaczkowski/GoLangGraph/pkg/persistence/checkpointer.go:379.2,379.58 1 0
[...]
github.com/piotrlaczkowski/GoLangGraph/pkg/tools/tools.go:86.42,88.3 1 0
github.com/piotrlaczkowski/GoLangGraph/pkg/tools/tools.go:90.2,92.12 3 0
github.com/piotrlaczkowski/GoLangGraph/pkg/tools/tools.go:96.59,102.2 4 3
github.com/piotrlaczkowski/GoLangGraph/pkg/tools/tools.go:105.46,110.29 4 8
github.com/piotrlaczkowski/GoLangGraph/pkg/tools/tools.go:110.29,112.3 1 74
github.com/piotrlaczkowski/GoLangGraph/pkg/tools/tools.go:113.2,113.14 1 8
github.com/piotrlaczkowski/GoLangGraph/pkg/tools/tools.go:117.66,122.32 4 6
github.com/piotrlaczkowski/GoLangGraph/pkg/tools/tools.go:122.32,124.3 1 54
github.com/piotrlaczkowski/GoLangGraph/pkg/tools/tools.go:125.2,125.20 1 6
github.com/piotrlaczkowski/GoLangGraph/pkg/tools/tools.go:129.81,134.33 4 2
github.com/piotrlaczkowski/GoLangGraph/pkg/tools/tools.go:134.33,135.45 1 3
github.com/piotrlaczkowski/GoLangGraph/pkg/tools/tools.go:135.45,137.4 1 2
github.com/piotrlaczkowski/GoLangGraph/pkg/tools/tools.go:139.2,139.20 1 2
github.com/piotrlaczkowski/GoLangGraph/pkg/tools/tools.go:143.48,163.2 8 5
github.com/piotrlaczkowski/GoLangGraph/pkg/tools/tools.go:172.40,177.2 1 6
github.com/piotrlaczkowski/GoLangGraph/pkg/tools/tools.go:179.42,181.2 1 13
github.com/piotrlaczkowski/GoLangGraph/pkg/tools/tools.go:183.49,185.2 1 8
github.com/piotrlaczkowski/GoLangGraph/pkg/tools/tools.go:187.60,210.2 1 7
github.com/piotrlaczkowski/GoLangGraph/pkg/tools/tools.go:212.83,218.62 2 0
github.com/piotrlaczkowski/GoLangGraph/pkg/tools/tools.go:218.62,220.3 1 0
github.com/piotrlaczkowski/GoLangGraph/pkg/tools/tools.go:222.2,222.28 1 0
github.com/piotrlaczkowski/GoLangGraph/pkg/tools/tools.go:222.28,224.3 1 0
github.com/piotrlaczkowski/GoLangGraph/pkg/tools/tools.go:227.2,228.42 2 0
github.com/piotrlaczkowski/GoLangGraph/pkg/tools/tools.go:228.42,230.3 1 0
github.com/piotrlaczkowski/GoLangGraph/pkg/tools/tools.go:232.2,232.21 1 0
github.com/piotrlaczkowski/GoLangGraph/pkg/tools/tools.go:235.53,240.62 2 2
github.com/piotrlaczkowski/GoLangGraph/pkg/tools/tools.go:240.62,242.3 1 0
github.com/piotrlaczkowski/GoLangGraph/pkg/tools/tools.go:244.2,244.24 1 2
github.com/piotrlaczkowski/GoLangGraph/pkg/tools/tools.go:244.24,246.3 1 1
github.com/piotrlaczkowski/GoLangGraph/pkg/tools/tools.go:248.2,248.12 1 1
github.com/piotrlaczkowski/GoLangGraph/pkg/tools/tools.go:251.60,256.2 1 1
github.com/piotrlaczkowski/GoLangGraph/pkg/tools/tools.go:258.72,259.50 1 1
github.com/piotrlaczkowski/GoLangGraph/pkg/tools/tools.go:259.50,261.3 1 0
github.com/piotrlaczkowski/GoLangGraph/pkg/tools/tools.go:262.2,262.49 1 1
github.com/piotrlaczkowski/GoLangGraph/pkg/tools/tools.go:262.49,264.3 1 0
github.com/piotrlaczkowski/GoLangGraph/pkg/tools/tools.go:265.2,265.12 1 1
github.com/piotrlaczkowski/GoLangGraph/pkg/tools/tools.go:275.38,280.2 1 6
github.com/piotrlaczkowski/GoLangGraph/pkg/tools/tools.go:282.41,284.2 1 13
github.com/piotrlaczkowski/GoLangGraph/pkg/tools/tools.go:286.48,288.2 1 8
github.com/piotrlaczkowski/GoLangGraph/pkg/tools/tools.go:290.59,308.2 1 7
github.com/piotrlaczkowski/GoLangGraph/pkg/tools/tools.go:310.82,315.62 2 0
github.com/piotrlaczkowski/GoLangGraph/pkg/tools/tools.go:315.62,317.3 1 0
github.com/piotrlaczkowski/GoLangGraph/pkg/tools/tools.go:320.2,322.43 3 0
github.com/piotrlaczkowski/GoLangGraph/pkg/tools/tools.go:322.43,323.24 1 0
github.com/piotrlaczkowski/GoLangGraph/pkg/tools/tools.go:323.24,325.9 2 0
github.com/piotrlaczkowski/GoLangGraph/pkg/tools/tools.go:328.2,328.14 1 0
github.com/piotrlaczkowski/GoLangGraph/pkg/tools/tools.go:328.14,330.3 1 0
github.com/piotrlaczkowski/GoLangGraph/pkg/tools/tools.go:333.2,334.16 2 0
github.com/piotrlaczkowski/GoLangGraph/pkg/tools/tools.go:334.16,336.3 1 0
github.com/piotrlaczkowski/GoLangGraph/pkg/tools/tools.go:338.2,338.33 1 0
github.com/piotrlaczkowski/GoLangGraph/pkg/tools/tools.go:338.33,340.3 1 0
github.com/piotrlaczkowski/GoLangGraph/pkg/tools/tools.go:342.2,343.16 2 0
github.com/piotrlaczkowski/GoLangGraph/pkg/tools/tools.go:343.16,345.3 1 0
github.com/piotrlaczkowski/GoLangGraph/pkg/tools/tools.go:347.2,347.29 1 0
github.com/piotrlaczkowski/GoLangGraph/pkg/tools/tools.go:350.52,355.62 2 2
github.com/piotrlaczkowski/GoLangGraph/pkg/tools/tools.go:355.62,357.3 1 0
github.com/piotrlaczkowski/GoLangGraph/pkg/tools/tools.go:359.2,359.27 1 2
github.com/piotrlaczkowski/GoLangGraph/pkg/tools/tools.go:359.27,361.3 1 1
github.com/piotrlaczkowski/GoLangGraph/pkg/tools/tools.go:363.2,363.12 1 1
github.com/piotrlaczkowski/GoLangGraph/pkg/tools/tools.go:366.59,371.2 1 0
github.com/piotrlaczkowski/GoLangGraph/pkg/tools/tools.go:373.71,374.56 1 0
github.com/piotrlaczkowski/GoLangGraph/pkg/tools/tools.go:374.56,376.3 1 0
github.com/piotrlaczkowski/GoLangGraph/pkg/tools/tools.go:377.2,377.55 1 0
github.com/piotrlaczkowski/GoLangGraph/pkg/tools/tools.go:377.55,379.3 1 0
github.com/piotrlaczkowski/GoLangGraph/pkg/tools/tools.go:380.2,380.12 1 0
github.com/piotrlaczkowski/GoLangGraph/pkg/tools/tools.go:390.40,395.2 1 6
github.com/piotrlaczkowski/GoLangGraph/pkg/tools/tools.go:397.42,399.2 1 13
github.com/piotrlaczkowski/GoLangGraph/pkg/tools/tools.go:401.49,403.2 1 8
github.com/piotrlaczkowski/GoLangGraph/pkg/tools/tools.go:405.60,432.2 1 7
github.com/piotrlaczkowski/GoLangGraph/pkg/tools/tools.go:434.83,441.62 2 0
github.com/piotrlaczkowski/GoLangGraph/pkg/tools/tools.go:441.62,443.3 1 0
github.com/piotrlaczkowski/GoLangGraph/pkg/tools/tools.go:446.2,448.43 3 0
github.com/piotrlaczkowski/GoLangGraph/pkg/tools/tools.go:448.43,449.24 1 0
github.com/piotrlaczkowski/GoLangGraph/pkg/tools/tools.go:449.24,451.9 2 0
github.com/piotrlaczkowski/GoLangGraph/pkg/tools/tools.go:454.2,454.14 1 0
github.com/piotrlaczkowski/GoLangGraph/pkg/tools/tools.go:454.14,456.3 1 0
github.com/piotrlaczkowski/GoLangGraph/pkg/tools/tools.go:459.2,459.48 1 0
github.com/piotrlaczkowski/GoLangGraph/pkg/tools/tools.go:459.48,461.3 1 0
github.com/piotrlaczkowski/GoLangGraph/pkg/tools/tools.go:464.2,465.47 2 0
github.com/piotrlaczkowski/GoLangGraph/pkg/tools/tools.go:465.47,467.3 1 0
github.com/piotrlaczkowski/GoLangGraph/pkg/tools/tools.go:469.2,470.19 2 0
github.com/piotrlaczkowski/GoLangGraph/pkg/tools/tools.go:470.19,472.3 1 0
github.com/piotrlaczkowski/GoLangGraph/pkg/tools/tools.go:472.8,474.3 1 0
github.com/piotrlaczkowski/GoLangGraph/pkg/tools/tools.go:476.2,476.16 1 0
github.com/piotrlaczkowski/GoLangGraph/pkg/tools/tools.go:476.16,478.3 1 0
github.com/piotrlaczkowski/GoLangGraph/pkg/tools/tools.go:480.2,480.100 1 0
github.com/piotrlaczkowski/GoLangGraph/pkg/tools/tools.go:483.53,489.62 2 2
github.com/piotrlaczkowski/GoLangGraph/pkg/tools/tools.go:489.62,491.3 1 0
github.com/piotrlaczkowski/GoLangGraph/pkg/tools/tools.go:493.2,493.27 1 2
github.com/piotrlaczkowski/GoLangGraph/pkg/tools/tools.go:493.27,495.3 1 1
github.com/piotrlaczkowski/GoLangGraph/pkg/tools/tools.go:497.2,497.12 1 1
github.com/piotrlaczkowski/GoLangGraph/pkg/tools/tools.go:500.60,505.2 1 0
github.com/piotrlaczkowski/GoLangGraph/pkg/tools/tools.go:507.72,508.56 1 0
github.com/piotrlaczkowski/GoLangGraph/pkg/tools/tools.go:508.56,510.3 1 0
github.com/piotrlaczkowski/GoLangGraph/pkg/tools/tools.go:511.2,511.55 1 0
github.com/piotrlaczkowski/GoLangGraph/pkg/tools/tools.go:511.55,513.3 1 0
github.com/piotrlaczkowski/GoLangGraph/pkg/tools/tools.go:514.2,514.12 1 0
github.com/piotrlaczkowski/GoLangGraph/pkg/tools/tools.go:518.51,520.16 2 0
github.com/piotrlaczkowski/GoLangGraph/pkg/tools/tools.go:520.16,522.3 1 0
github.com/piotrlaczkowski/GoLangGraph/pkg/tools/tools.go:523.2,526.12 3 0
github.com/piotrlaczkowski/GoLangGraph/pkg/tools/tools.go:535.38,539.2 1 6
github.com/piotrlaczkowski/GoLangGraph/pkg/tools/tools.go:541.41,543.2 1 13
github.com/piotrlaczkowski/GoLangGraph/pkg/tools/tools.go:545.48,547.2 1 8
github.com/piotrlaczkowski/GoLangGraph/pkg/tools/tools.go:549.59,572.2 1 7
github.com/piotrlaczkowski/GoLangGraph/pkg/tools/tools.go:574.82,580.62 2 1
github.com/piotrlaczkowski/GoLangGraph/pkg/tools/tools.go:580.62,582.3 1 0
github.com/piotrlaczkowski/GoLangGraph/pkg/tools/tools.go:584.2,584.23 1 1
github.com/piotrlaczkowski/GoLangGraph/pkg/tools/tools.go:584.23,586.3 1 0
github.com/piotrlaczkowski/GoLangGraph/pkg/tools/tools.go:588.2,591.22 3 1
github.com/piotrlaczkowski/GoLangGraph/pkg/tools/tools.go:591.22,592.90 1 0
github.com/piotrlaczkowski/GoLangGraph/pkg/tools/tools.go:592.90,593.18 1 0
github.com/piotrlaczkowski/GoLangGraph/pkg/tools/tools.go:593.18,595.5 1 0
github.com/piotrlaczkowski/GoLangGraph/pkg/tools/tools.go:597.4,597.27 1 0
github.com/piotrlaczkowski/GoLangGraph/pkg/tools/tools.go:597.27,599.5 1 0
github.com/piotrlaczkowski/GoLangGraph/pkg/tools/tools.go:601.4,602.20 2 0
github.com/piotrlaczkowski/GoLangGraph/pkg/tools/tools.go:602.20,604.5 1 0
github.com/piotrlaczkowski/GoLangGraph/pkg/tools/tools.go:606.4,610.14 3 0
github.com/piotrlaczkowski/GoLangGraph/pkg/tools/tools.go:613.3,613.17 1 0
github.com/piotrlaczkowski/GoLangGraph/pkg/tools/tools.go:613.17,615.4 1 0
github.com/piotrlaczkowski/GoLangGraph/pkg/tools/tools.go:616.8,618.17 2 1
github.com/piotrlaczkowski/GoLangGraph/pkg/tools/tools.go:618.17,620.4 1 0
github.com/piotrlaczkowski/GoLangGraph/pkg/tools/tools.go:622.3,622.33 1 1
github.com/piotrlaczkowski/GoLangGraph/pkg/tools/tools.go:622.33,623.23 1 2
github.com/piotrlaczkowski/GoLangGraph/pkg/tools/tools.go:623.23,624.10 1 0
github.com/piotrlaczkowski/GoLangGraph/pkg/tools/tools.go:627.4,628.18 2 2
github.com/piotrlaczkowski/GoLangGraph/pkg/tools/tools.go:628.18,629.13 1 0
github.com/piotrlaczkowski/GoLangGraph/pkg/tools/tools.go:632.4,633.21 2 2
github.com/piotrlaczkowski/GoLangGraph/pkg/tools/tools.go:633.21,635.5 1 0
github.com/piotrlaczkowski/GoLangGraph/pkg/tools/tools.go:637.4,638.88 1 2
github.com/piotrlaczkowski/GoLangGraph/pkg/tools/tools.go:642.2,642.29 1 1
github.com/piotrlaczkowski/GoLangGraph/pkg/tools/tools.go:645.52,648.2 1 0
github.com/piotrlaczkowski/GoLangGraph/pkg/tools/tools.go:650.59,654.2 1 1
github.com/piotrlaczkowski/GoLangGraph/pkg/tools/tools.go:656.71,657.51 1 1
github.com/piotrlaczkowski/GoLangGraph/pkg/tools/tools.go:657.51,659.3 1 1
github.com/piotrlaczkowski/GoLangGraph/pkg/tools/tools.go:660.2,660.12 1 1
github.com/piotrlaczkowski/GoLangGraph/pkg/tools/tools.go:670.32,675.2 1 6
github.com/piotrlaczkowski/GoLangGraph/pkg/tools/tools.go:677.38,679.2 1 13
github.com/piotrlaczkowski/GoLangGraph/pkg/tools/tools.go:681.45,683.2 1 8
github.com/piotrlaczkowski/GoLangGraph/pkg/tools/tools.go:685.56,703.2 1 7
github.com/piotrlaczkowski/GoLangGraph/pkg/tools/tools.go:705.79,710.62 2 1
github.com/piotrlaczkowski/GoLangGraph/pkg/tools/tools.go:710.62,712.3 1 0
github.com/piotrlaczkowski/GoLangGraph/pkg/tools/tools.go:715.2,716.28 2 1
github.com/piotrlaczkowski/GoLangGraph/pkg/tools/tools.go:716.28,718.3 1 0
github.com/piotrlaczkowski/GoLangGraph/pkg/tools/tools.go:720.2,722.47 3 1
github.com/piotrlaczkowski/GoLangGraph/pkg/tools/tools.go:722.47,723.32 1 3
github.com/piotrlaczkowski/GoLangGraph/pkg/tools/tools.go:723.32,725.9 2 1
github.com/piotrlaczkowski/GoLangGraph/pkg/tools/tools.go:729.2,729.14 1 1
github.com/piotrlaczkowski/GoLangGraph/pkg/tools/tools.go:729.14,731.3 1 0
github.com/piotrlaczkowski/GoLangGraph/pkg/tools/tools.go:734.2,740.16 5 1
github.com/piotrlaczkowski/GoLangGraph/pkg/tools/tools.go:740.16,742.3 1 0
github.com/piotrlaczkowski/GoLangGraph/pkg/tools/tools.go:744.2,744.28 1 1
github.com/piotrlaczkowski/GoLangGraph/pkg/tools/tools.go:747.49,752.62 2 2
github.com/piotrlaczkowski/GoLangGraph/pkg/tools/tools.go:752.62,754.3 1 0
github.com/piotrlaczkowski/GoLangGraph/pkg/tools/tools.go:756.2,756.26 1 2
github.com/piotrlaczkowski/GoLangGraph/pkg/tools/tools.go:756.26,758.3 1 1
github.com/piotrlaczkowski/GoLangGraph/pkg/tools/tools.go:760.2,760.12 1 1
github.com/piotrlaczkowski/GoLangGraph/pkg/tools/tools.go:763.56,768.2 1 0
github.com/piotrlaczkowski/GoLangGraph/pkg/tools/tools.go:770.68,771.63 1 0
github.com/piotrlaczkowski/GoLangGraph/pkg/tools/tools.go:771.63,773.3 1 0
github.com/piotrlaczkowski/GoLangGraph/pkg/tools/tools.go:774.2,774.58 1 0
github.com/piotrlaczkowski/GoLangGraph/pkg/tools/tools.go:774.58,776.3 1 0
github.com/piotrlaczkowski/GoLangGraph/pkg/tools/tools.go:777.2,777.12 1 0
github.com/piotrlaczkowski/GoLangGraph/pkg/tools/tools.go:787.30,795.2 2 6
github.com/piotrlaczkowski/GoLangGraph/pkg/tools/tools.go:797.37,799.2 1 13
github.com/piotrlaczkowski/GoLangGraph/pkg/tools/tools.go:801.44,803.2 1 8
github.com/piotrlaczkowski/GoLangGraph/pkg/tools/tools.go:805.55,836.2 1 7
github.com/piotrlaczkowski/GoLangGraph/pkg/tools/tools.go:838.78,846.62 2 0
github.com/piotrlaczkowski/GoLangGraph/pkg/tools/tools.go:846.62,848.3 1 0
github.com/piotrlaczkowski/GoLangGraph/pkg/tools/tools.go:850.2,850.25 1 0
github.com/piotrlaczkowski/GoLangGraph/pkg/tools/tools.go:850.25,852.3 1 0
github.com/piotrlaczkowski/GoLangGraph/pkg/tools/tools.go:854.2,855.23 2 0
github.com/piotrlaczkowski/GoLangGraph/pkg/tools/tools.go:855.23,857.3 1 0
github.com/piotrlaczkowski/GoLangGraph/pkg/tools/tools.go:859.2,860.16 2 0
github.com/piotrlaczkowski/GoLangGraph/pkg/tools/tools.go:860.16,862.3 1 0
github.com/piotrlaczkowski/GoLangGraph/pkg/tools/tools.go:865.2,865.41 1 0
github.com/piotrlaczkowski/GoLangGraph/pkg/tools/tools.go:865.41,867.3 1 0
github.com/piotrlaczkowski/GoLangGraph/pkg/tools/tools.go:869.2,870.16 2 0
github.com/piotrlaczkowski/GoLangGraph/pkg/tools/tools.go:870.16,872.3 1 0
github.com/piotrlaczkowski/GoLangGraph/pkg/tools/tools.go:873.2,876.16 3 0
github.com/piotrlaczkowski/GoLangGraph/pkg/tools/tools.go:876.16,878.3 1 0
github.com/piotrlaczkowski/GoLangGraph/pkg/tools/tools.go:880.2,883.20 2 0
github.com/piotrlaczkowski/GoLangGraph/pkg/tools/tools.go:886.48,891.62 2 2
github.com/piotrlaczkowski/GoLangGraph/pkg/tools/tools.go:891.62,893.3 1 0
github.com/piotrlaczkowski/GoLangGraph/pkg/tools/tools.go:895.2,895.22 1 2
github.com/piotrlaczkowski/GoLangGraph/pkg/tools/tools.go:895.22,897.3 1 1
github.com/piotrlaczkowski/GoLangGraph/pkg/tools/tools.go:899.2,899.12 1 1
github.com/piotrlaczkowski/GoLangGraph/pkg/tools/tools.go:902.55,906.2 1 1
github.com/piotrlaczkowski/GoLangGraph/pkg/tools/tools.go:908.67,909.58 1 1
github.com/piotrlaczkowski/GoLangGraph/pkg/tools/tools.go:909.58,912.3 2 0
github.com/piotrlaczkowski/GoLangGraph/pkg/tools/tools.go:913.2,913.12 1 1
github.com/piotrlaczkowski/GoLangGraph/pkg/tools/tools.go:920.42,922.2 1 7
github.com/piotrlaczkowski/GoLangGraph/pkg/tools/tools.go:924.43,926.2 1 16
github.com/piotrlaczkowski/GoLangGraph/pkg/tools/tools.go:928.50,930.2 1 10
github.com/piotrlaczkowski/GoLangGraph/pkg/tools/tools.go:932.61,950.2 1 9
github.com/piotrlaczkowski/GoLangGraph/pkg/tools/tools.go:952.84,957.62 2 1
github.com/piotrlaczkowski/GoLangGraph/pkg/tools/tools.go:957.62,959.3 1 0
github.com/piotrlaczkowski/GoLangGraph/pkg/tools/tools.go:962.2,963.16 2 1
github.com/piotrlaczkowski/GoLangGraph/pkg/tools/tools.go:963.16,965.3 1 0
github.com/piotrlaczkowski/GoLangGraph/pkg/tools/tools.go:967.2,967.47 1 1
github.com/piotrlaczkowski/GoLangGraph/pkg/tools/tools.go:970.75,978.33 2 1
github.com/piotrlaczkowski/GoLangGraph/pkg/tools/tools.go:978.33,980.22 2 1
github.com/piotrlaczkowski/GoLangGraph/pkg/tools/tools.go:980.22,982.4 1 0
github.com/piotrlaczkowski/GoLangGraph/pkg/tools/tools.go:983.3,984.17 2 1
github.com/piotrlaczkowski/GoLangGraph/pkg/tools/tools.go:984.17,986.4 1 0
github.com/piotrlaczkowski/GoLangGraph/pkg/tools/tools.go:987.3,988.17 2 1
github.com/piotrlaczkowski/GoLangGraph/pkg/tools/tools.go:988.17,990.4 1 0
github.com/piotrlaczkowski/GoLangGraph/pkg/tools/tools.go:991.3,991.20 1 1
github.com/piotrlaczkowski/GoLangGraph/pkg/tools/tools.go:995.2,995.66 1 0
github.com/piotrlaczkowski/GoLangGraph/pkg/tools/tools.go:995.66,997.22 2 0
github.com/piotrlaczkowski/GoLangGraph/pkg/tools/tools.go:997.22,999.4 1 0
github.com/piotrlaczkowski/GoLangGraph/pkg/tools/tools.go:1000.3,1001.17 2 0
github.com/piotrlaczkowski/GoLangGraph/pkg/tools/tools.go:1001.17,1003.4 1 0
github.com/piotrlaczkowski/GoLangGraph/pkg/tools/tools.go:1004.3,1005.17 2 0
github.com/piotrlaczkowski/GoLangGraph/pkg/tools/tools.go:1005.17,1007.4 1 0
github.com/piotrlaczkowski/GoLangGraph/pkg/tools/tools.go:1008.3,1008.20 1 0
github.com/piotrlaczkowski/GoLangGraph/pkg/tools/tools.go:1012.2,1012.33 1 0
github.com/piotrlaczkowski/GoLangGraph/pkg/tools/tools.go:1012.33,1014.22 2 0
github.com/piotrlaczkowski/GoLangGraph/pkg/tools/tools.go:1014.22,1016.4 1 0
github.com/piotrlaczkowski/GoLangGraph/pkg/tools/tools.go:1017.3,1018.17 2 0
github.com/piotrlaczkowski/GoLangGraph/pkg/tools/tools.go:1018.17,1020.4 1 0
github.com/piotrlaczkowski/GoLangGraph/pkg/tools/tools.go:1021.3,1022.17 2 0
github.com/piotrlaczkowski/GoLangGraph/pkg/tools/tools.go:1022.17,1024.4 1 0
github.com/piotrlaczkowski/GoLangGraph/pkg/tools/tools.go:1025.3,1025.20 1 0
github.com/piotrlaczkowski/GoLangGraph/pkg/tools/tools.go:1029.2,1029.33 1 0
github.com/piotrlaczkowski/GoLangGraph/pkg/tools/tools.go:1029.33,1031.22 2 0
github.com/piotrlaczkowski/GoLangGraph/pkg/tools/tools.go:1031.22,1033.4 1 0
github.com/piotrlaczkowski/GoLangGraph/pkg/tools/tools.go:1034.3,1035.17 2 0
github.com/piotrlaczkowski/GoLangGraph/pkg/tools/tools.go:1035.17,1037.4 1 0
github.com/piotrlaczkowski/GoLangGraph/pkg/tools/tools.go:1038.3,1039.17 2 0
github.com/piotrlaczkowski/GoLangGraph/pkg/tools/tools.go:1039.17,1041.4 1 0
github.com/piotrlaczkowski/GoLangGraph/pkg/tools/tools.go:1042.3,1042.13 1 0
github.com/piotrlaczkowski/GoLangGraph/pkg/tools/tools.go:1042.13,1044.4 1 0
github.com/piotrlaczkowski/GoLangGraph/pkg/tools/tools.go:1045.3,1045.20 1 0
github.com/piotrlaczkowski/GoLangGraph/pkg/tools/tools.go:1049.2,1049.37 1 0
github.com/piotrlaczkowski/GoLangGraph/pkg/tools/tools.go:1052.54,1057.62 2 2
github.com/piotrlaczkowski/GoLangGraph/pkg/tools/tools.go:1057.62,1059.3 1 0
github.com/piotrlaczkowski/GoLangGraph/pkg/tools/tools.go:1061.2,1061.29 1 2
github.com/piotrlaczkowski/GoLangGraph/pkg/tools/tools.go:1061.29,1063.3 1 1
github.com/piotrlaczkowski/GoLangGraph/pkg/tools/tools.go:1065.2,1065.12 1 1
github.com/piotrlaczkowski/GoLangGraph/pkg/tools/tools.go:1068.61,1070.2 1 0
github.com/piotrlaczkowski/GoLangGraph/pkg/tools/tools.go:1072.73,1074.2 1 0
github.com/piotrlaczkowski/GoLangGraph/pkg/tools/tools.go:1080.30,1082.2 1 6
github.com/piotrlaczkowski/GoLangGraph/pkg/tools/tools.go:1084.37,1086.2 1 14
github.com/piotrlaczkowski/GoLangGraph/pkg/tools/tools.go:1088.44,1090.2 1 9
github.com/piotrlaczkowski/GoLangGraph/pkg/tools/tools.go:1092.55,1115.2 1 8
github.com/piotrlaczkowski/GoLangGraph/pkg/tools/tools.go:1117.78,1123.62 2 2
github.com/piotrlaczkowski/GoLangGraph/pkg/tools/tools.go:1123.62,1125.3 1 0
github.com/piotrlaczkowski/GoLangGraph/pkg/tools/tools.go:1127.2,1127.25 1 2
github.com/piotrlaczkowski/GoLangGraph/pkg/tools/tools.go:1127.25,1129.3 1 1
github.com/piotrlaczkowski/GoLangGraph/pkg/tools/tools.go:1130.2,1130.27 1 2
github.com/piotrlaczkowski/GoLangGraph/pkg/tools/tools.go:1130.27,1132.3 1 1
github.com/piotrlaczkowski/GoLangGraph/pkg/tools/tools.go:1135.2,1136.16 2 2
github.com/piotrlaczkowski/GoLangGraph/pkg/tools/tools.go:1136.16,1138.3 1 0
github.com/piotrlaczkowski/GoLangGraph/pkg/tools/tools.go:1140.2,1143.23 3 2
github.com/piotrlaczkowski/GoLangGraph/pkg/tools/tools.go:1144.17,1145.39 1 2
github.com/piotrlaczkowski/GoLangGraph/pkg/tools/tools.go:1146.16,1147.38 1 0
github.com/piotrlaczkowski/GoLangGraph/pkg/tools/tools.go:1148.17,1149.39 1 0
github.com/piotrlaczkowski/GoLangGraph/pkg/tools/tools.go:1150.15,1151.37 1 0
github.com/piotrlaczkowski/GoLangGraph/pkg/tools/tools.go:1152.14,1153.44 1 0
github.com/piotrlaczkowski/GoLangGraph/pkg/tools/tools.go:1154.10,1156.40 1 0
github.com/piotrlaczkowski/GoLangGraph/pkg/tools/tools.go:1159.2,1159.88 1 2
github.com/piotrlaczkowski/GoLangGraph/pkg/tools/tools.go:1162.48,1165.2 1 0
github.com/piotrlaczkowski/GoLangGraph/pkg/tools/tools.go:1167.55,1169.2 1 0
github.com/piotrlaczkowski/GoLangGraph/pkg/tools/tools.go:1171.67,1173.2 1 0
